11:25:04,853 INFO  [Server] Starting JBoss (MX MicroKernel)...
11:25:04,854 INFO  [Server] Release ID: JBoss [Trinity] 4.2.3.GA (build: SVNTag=JBoss_4_2_3_GA date=200807181439)
11:25:04,856 DEBUG [Server] Using config: org.jboss.system.server.ServerConfigImpl@1507fb2
11:25:04,856 DEBUG [Server] Server type: class org.jboss.system.server.ServerImpl
11:25:04,856 DEBUG [Server] Server loaded through: org.jboss.system.server.NoAnnotationURLClassLoader
11:25:04,856 DEBUG [Server] Boot URLs:
11:25:04,856 DEBUG [Server]   file:/D:/workspace/jituan/jboss-4.2.3.GA/lib/endorsed/jaxb-api.jar
11:25:04,856 DEBUG [Server]   file:/D:/workspace/jituan/jboss-4.2.3.GA/lib/endorsed/jboss-jaxrpc.jar
11:25:04,856 DEBUG [Server]   file:/D:/workspace/jituan/jboss-4.2.3.GA/lib/endorsed/jboss-jaxws-ext.jar
11:25:04,856 DEBUG [Server]   file:/D:/workspace/jituan/jboss-4.2.3.GA/lib/endorsed/jboss-jaxws.jar
11:25:04,856 DEBUG [Server]   file:/D:/workspace/jituan/jboss-4.2.3.GA/lib/endorsed/jboss-saaj.jar
11:25:04,856 DEBUG [Server]   file:/D:/workspace/jituan/jboss-4.2.3.GA/lib/endorsed/serializer.jar
11:25:04,856 DEBUG [Server]   file:/D:/workspace/jituan/jboss-4.2.3.GA/lib/endorsed/xalan.jar
11:25:04,856 DEBUG [Server]   file:/D:/workspace/jituan/jboss-4.2.3.GA/lib/endorsed/xercesImpl.jar
11:25:04,856 DEBUG [Server]   file:/D:/workspace/jituan/jboss-4.2.3.GA/lib/jboss-jmx.jar
11:25:04,856 DEBUG [Server]   file:/D:/workspace/jituan/jboss-4.2.3.GA/lib/concurrent.jar
11:25:04,857 DEBUG [Server]   file:/D:/workspace/jituan/jboss-4.2.3.GA/lib/log4j-boot.jar
11:25:04,857 DEBUG [Server]   file:/D:/workspace/jituan/jboss-4.2.3.GA/lib/jboss-common.jar
11:25:04,857 DEBUG [Server]   file:/D:/workspace/jituan/jboss-4.2.3.GA/lib/jboss-system.jar
11:25:04,857 DEBUG [Server]   file:/D:/workspace/jituan/jboss-4.2.3.GA/lib/jboss-xml-binding.jar
11:25:04,857 INFO  [Server] Home Dir: D:\workspace\jituan\jboss-4.2.3.GA
11:25:04,858 INFO  [Server] Home URL: file:/D:/workspace/jituan/jboss-4.2.3.GA/
11:25:04,859 DEBUG [Server] Library URL: file:/D:/workspace/jituan/jboss-4.2.3.GA/lib/
11:25:04,860 INFO  [Server] Patch URL: null
11:25:04,861 INFO  [Server] Server Name: default
11:25:04,862 INFO  [Server] Server Home Dir: D:\workspace\jituan\jboss-4.2.3.GA\server\default
11:25:04,863 INFO  [Server] Server Home URL: file:/D:/workspace/jituan/jboss-4.2.3.GA/server/default/
11:25:04,864 INFO  [Server] Server Log Dir: D:\workspace\jituan\jboss-4.2.3.GA\server\default\log
11:25:04,866 DEBUG [Server] Server Data Dir: D:\workspace\jituan\jboss-4.2.3.GA\server\default\data
11:25:04,866 INFO  [Server] Server Temp Dir: D:\workspace\jituan\jboss-4.2.3.GA\server\default\tmp
11:25:04,867 DEBUG [Server] Server Config URL: file:/D:/workspace/jituan/jboss-4.2.3.GA/server/default/conf/
11:25:04,868 DEBUG [Server] Server Library URL: file:/D:/workspace/jituan/jboss-4.2.3.GA/server/default/lib/
11:25:04,868 INFO  [Server] Root Deployment Filename: jboss-service.xml
11:25:04,870 DEBUG [Server] Starting General Purpose Architecture (GPA)...
11:25:04,946 DEBUG [Server] Created MBeanServer: org.jboss.mx.server.MBeanServerImpl@121ab80[ defaultDomain='jboss' ]
11:25:04,971 DEBUG [Server] Boot url list: [file:/D:/workspace/jituan/jboss-4.2.3.GA/server/default/conf/]
11:25:04,971 DEBUG [Server] Creating loader for URL: file:/D:/workspace/jituan/jboss-4.2.3.GA/server/default/conf/
11:25:04,974 DEBUG [RepositoryClassLoader] setRepository, repository=org.jboss.mx.loading.UnifiedLoaderRepository3@9f671b, cl=org.jboss.mx.loading.UnifiedClassLoader3@12a3793{ url=file:/D:/workspace/jituan/jboss-4.2.3.GA/server/default/conf/ ,addedOrder=0}
11:25:04,974 DEBUG [RepositoryClassLoader] setRepository, repository=org.jboss.mx.loading.UnifiedLoaderRepository3@9f671b, cl=org.jboss.mx.loading.UnifiedClassLoader3@12a3793{ url=file:/D:/workspace/jituan/jboss-4.2.3.GA/server/default/conf/ ,addedOrder=0}
11:25:04,974 DEBUG [UnifiedLoaderRepository3] Adding org.jboss.mx.loading.UnifiedClassLoader3@12a3793{ url=file:/D:/workspace/jituan/jboss-4.2.3.GA/server/default/conf/ ,addedOrder=0}
11:25:05,021 DEBUG [Server] Failed to create xmbean for: org.jboss.system.server.ServerInfo
11:25:05,027 INFO  [ServerInfo] Java version: 1.6.0_45,Sun Microsystems Inc.
11:25:05,027 INFO  [ServerInfo] Java VM: Java HotSpot(TM) Server VM 20.45-b01,Sun Microsystems Inc.
11:25:05,029 INFO  [ServerInfo] OS-System: Windows 8 6.2,x86
11:25:05,030 DEBUG [ServerInfo] Full System Properties Dump
11:25:05,030 DEBUG [ServerInfo]     java.vendor: Sun Microsystems Inc.
11:25:05,030 DEBUG [ServerInfo]     sun.java.launcher: SUN_STANDARD
11:25:05,030 DEBUG [ServerInfo]     sun.management.compiler: HotSpot Tiered Compilers
11:25:05,030 DEBUG [ServerInfo]     os.name: Windows 8
11:25:05,030 DEBUG [ServerInfo]     sun.boot.class.path: D:\workspace\jituan\jboss-4.2.3.GA\lib\endorsed\jaxb-api.jar;D:\workspace\jituan\jboss-4.2.3.GA\lib\endorsed\jboss-jaxrpc.jar;D:\workspace\jituan\jboss-4.2.3.GA\lib\endorsed\jboss-jaxws-ext.jar;D:\workspace\jituan\jboss-4.2.3.GA\lib\endorsed\jboss-jaxws.jar;D:\workspace\jituan\jboss-4.2.3.GA\lib\endorsed\jboss-saaj.jar;D:\workspace\jituan\jboss-4.2.3.GA\lib\endorsed\serializer.jar;D:\workspace\jituan\jboss-4.2.3.GA\lib\endorsed\xalan.jar;D:\workspace\jituan\jboss-4.2.3.GA\lib\endorsed\xercesImpl.jar;D:\JAVA\jdk1.6.0_45\jre\lib\resources.jar;D:\JAVA\jdk1.6.0_45\jre\lib\rt.jar;D:\JAVA\jdk1.6.0_45\jre\lib\sunrsasign.jar;D:\JAVA\jdk1.6.0_45\jre\lib\jsse.jar;D:\JAVA\jdk1.6.0_45\jre\lib\jce.jar;D:\JAVA\jdk1.6.0_45\jre\lib\charsets.jar;D:\JAVA\jdk1.6.0_45\jre\lib\modules\jdk.boot.jar;D:\JAVA\jdk1.6.0_45\jre\classes
11:25:05,031 DEBUG [ServerInfo]     sun.desktop: windows
11:25:05,031 DEBUG [ServerInfo]     java.vm.specification.vendor: Sun Microsystems Inc.
11:25:05,031 DEBUG [ServerInfo]     java.runtime.version: 1.6.0_45-b06
11:25:05,031 DEBUG [ServerInfo]     user.name: lenovo
11:25:05,031 DEBUG [ServerInfo]     jboss.bind.address: 127.0.0.1
11:25:05,031 DEBUG [ServerInfo]     jboss.home.dir: D:\workspace\jituan\jboss-4.2.3.GA
11:25:05,031 DEBUG [ServerInfo]     user.language: zh
11:25:05,031 DEBUG [ServerInfo]     sun.boot.library.path: D:\JAVA\jdk1.6.0_45\jre\bin
11:25:05,031 DEBUG [ServerInfo]     jboss.home.url: file:/D:/workspace/jituan/jboss-4.2.3.GA/
11:25:05,031 DEBUG [ServerInfo]     java.version: 1.6.0_45
11:25:05,031 DEBUG [ServerInfo]     user.timezone: Asia/Shanghai
11:25:05,031 DEBUG [ServerInfo]     jboss.server.home.dir: D:\workspace\jituan\jboss-4.2.3.GA\server\default
11:25:05,031 DEBUG [ServerInfo]     jgroups.bind_addr: 127.0.0.1
11:25:05,031 DEBUG [ServerInfo]     sun.arch.data.model: 32
11:25:05,031 DEBUG [ServerInfo]     java.endorsed.dirs: D:\workspace\jituan\jboss-4.2.3.GA\lib\endorsed
11:25:05,031 DEBUG [ServerInfo]     jboss.server.home.url: file:/D:/workspace/jituan/jboss-4.2.3.GA/server/default/
11:25:05,031 DEBUG [ServerInfo]     sun.cpu.isalist: pentium_pro+mmx pentium_pro pentium+mmx pentium i486 i386 i86
11:25:05,031 DEBUG [ServerInfo]     sun.jnu.encoding: GBK
11:25:05,031 DEBUG [ServerInfo]     file.encoding.pkg: sun.io
11:25:05,031 DEBUG [ServerInfo]     file.separator: \
11:25:05,031 DEBUG [ServerInfo]     java.specification.name: Java Platform API Specification
11:25:05,031 DEBUG [ServerInfo]     java.class.version: 50.0
11:25:05,031 DEBUG [ServerInfo]     jboss.server.config.url: file:/D:/workspace/jituan/jboss-4.2.3.GA/server/default/conf/
11:25:05,031 DEBUG [ServerInfo]     user.country: CN
11:25:05,032 DEBUG [ServerInfo]     java.home: D:\JAVA\jdk1.6.0_45\jre
11:25:05,032 DEBUG [ServerInfo]     java.vm.info: mixed mode
11:25:05,032 DEBUG [ServerInfo]     jboss.lib.url: file:/D:/workspace/jituan/jboss-4.2.3.GA/lib/
11:25:05,032 DEBUG [ServerInfo]     os.version: 6.2
11:25:05,032 DEBUG [ServerInfo]     path.separator: ;
11:25:05,032 DEBUG [ServerInfo]     java.vm.version: 20.45-b01
11:25:05,032 DEBUG [ServerInfo]     user.variant: 
11:25:05,032 DEBUG [ServerInfo]     java.protocol.handler.pkgs: org.jboss.net.protocol
11:25:05,032 DEBUG [ServerInfo]     java.awt.printerjob: sun.awt.windows.WPrinterJob
11:25:05,032 DEBUG [ServerInfo]     sun.io.unicode.encoding: UnicodeLittle
11:25:05,032 DEBUG [ServerInfo]     awt.toolkit: sun.awt.windows.WToolkit
11:25:05,032 DEBUG [ServerInfo]     jboss.server.temp.dir: D:\workspace\jituan\jboss-4.2.3.GA\server\default\tmp
11:25:05,032 DEBUG [ServerInfo]     sun.rmi.dgc.client.gcInterval: 3600000
11:25:05,032 DEBUG [ServerInfo]     user.home: C:\Users\lenovo
11:25:05,032 DEBUG [ServerInfo]     java.specification.vendor: Sun Microsystems Inc.
11:25:05,032 DEBUG [ServerInfo]     java.library.path: D:\JAVA\jdk1.6.0_45\bin;C:\WINDOWS\Sun\Java\bin;C:\WINDOWS\system32;C:\WINDOWS;C:\WINDOWS\System32;C:\WINDOWS;C:\WINDOWS\system32\WBEM;D:\app\lenovo\product\11.2.0\client_1;D:\app\lenovo\product\11.2.0\dbhome_1\bin;D:\JAVA\jdk1.6.0_45\bin;C:\WINDOWS\system32;C:\WINDOWS;C:\WINDOWS\System32\Wbem;C:\WINDOWS\System32\WindowsPowerShell\v1.0\;D:\JAVA\jdk1.6.0_45\jre\bin;D:\nodejs\;C:\Program Files (x86)\AMD\ATI.ACE\Core-Static;D:\MySQL\MySQL Server 5.7.11\bin;D:\Git\cmd;D:\TortoiseSVN\bin;E:\OpenVPN\bin;C:\Users\lenovo\AppData\Roaming\npm;.
11:25:05,033 DEBUG [ServerInfo]     java.vendor.url: http://java.sun.com/
11:25:05,033 DEBUG [ServerInfo]     program.name: run.bat
11:25:05,033 DEBUG [ServerInfo]     java.vm.vendor: Sun Microsystems Inc.
11:25:05,033 DEBUG [ServerInfo]     sun.rmi.dgc.server.gcInterval: 3600000
11:25:05,033 DEBUG [ServerInfo]     java.runtime.name: Java(TM) SE Runtime Environment
11:25:05,033 DEBUG [ServerInfo]     sun.java.command: org.jboss.Main
11:25:05,033 DEBUG [ServerInfo]     java.class.path: D:\JAVA\jdk1.6.0_45\lib\tools.jar;D:\workspace\jituan\jboss-4.2.3.GA\bin\run.jar
11:25:05,033 DEBUG [ServerInfo]     jboss.server.log.dir: D:\workspace\jituan\jboss-4.2.3.GA\server\default\log
11:25:05,033 DEBUG [ServerInfo]     jbossmx.loader.repository.class: org.jboss.mx.loading.UnifiedLoaderRepository3
11:25:05,033 DEBUG [ServerInfo]     java.vm.specification.name: Java Virtual Machine Specification
11:25:05,033 DEBUG [ServerInfo]     java.vm.specification.version: 1.0
11:25:05,033 DEBUG [ServerInfo]     sun.cpu.endian: little
11:25:05,033 DEBUG [ServerInfo]     sun.os.patch.level: 
11:25:05,033 DEBUG [ServerInfo]     jboss.server.lib.url: file:/D:/workspace/jituan/jboss-4.2.3.GA/server/default/lib/
11:25:05,033 DEBUG [ServerInfo]     java.io.tmpdir: C:\Users\lenovo\AppData\Local\Temp\
11:25:05,033 DEBUG [ServerInfo]     java.vendor.url.bug: http://java.sun.com/cgi-bin/bugreport.cgi
11:25:05,034 DEBUG [ServerInfo]     jboss.server.data.dir: D:\workspace\jituan\jboss-4.2.3.GA\server\default\data
11:25:05,034 DEBUG [ServerInfo]     java.rmi.server.hostname: 127.0.0.1
11:25:05,034 DEBUG [ServerInfo]     os.arch: x86
11:25:05,034 DEBUG [ServerInfo]     java.awt.graphicsenv: sun.awt.Win32GraphicsEnvironment
11:25:05,034 DEBUG [ServerInfo]     java.ext.dirs: D:\JAVA\jdk1.6.0_45\jre\lib\ext;C:\WINDOWS\Sun\Java\lib\ext
11:25:05,034 DEBUG [ServerInfo]     user.dir: D:\workspace\jituan\jboss-4.2.3.GA\bin
11:25:05,034 DEBUG [ServerInfo]     line.separator: 

11:25:05,034 DEBUG [ServerInfo]     java.vm.name: Java HotSpot(TM) Server VM
11:25:05,034 DEBUG [ServerInfo]     jboss.server.base.dir: D:\workspace\jituan\jboss-4.2.3.GA\server
11:25:05,034 DEBUG [ServerInfo]     jboss.server.base.url: file:/D:/workspace/jituan/jboss-4.2.3.GA/server/
11:25:05,034 DEBUG [ServerInfo]     javax.management.builder.initial: org.jboss.mx.server.MBeanServerBuilderImpl
11:25:05,034 DEBUG [ServerInfo]     file.encoding: GBK
11:25:05,034 DEBUG [ServerInfo]     java.specification.version: 1.6
11:25:05,034 DEBUG [ServerInfo]     jboss.server.name: default
11:25:05,039 DEBUG [Server] Created system MBean: jboss.system:type=ServerInfo
11:25:05,043 DEBUG [Server] Failed to create xmbean for: org.jboss.system.ServiceController
11:25:05,054 DEBUG [ServiceController] Controller MBean online
11:25:05,054 DEBUG [Server] Created system MBean: jboss.system:service=ServiceController
11:25:05,110 DEBUG [Server] Created system XMBean: jboss.system:service=MainDeployer
11:25:05,110 DEBUG [ServiceController] Creating service jboss.system:service=MainDeployer
11:25:05,114 DEBUG [MainDeployer] Creating jboss.system:service=MainDeployer
11:25:05,137 DEBUG [MainDeployer] Created jboss.system:service=MainDeployer
11:25:05,137 DEBUG [ServiceController] Creating dependent components for: jboss.system:service=MainDeployer dependents are: []
11:25:05,137 DEBUG [ServiceController] starting service jboss.system:service=MainDeployer
11:25:05,138 DEBUG [MainDeployer] Starting jboss.system:service=MainDeployer
11:25:05,138 DEBUG [MainDeployer] Started jboss.system:service=MainDeployer
11:25:05,138 DEBUG [ServiceController] Starting dependent components for: jboss.system:service=MainDeployer dependent components: []
11:25:05,138 DEBUG [Server] Shutdown hook added
11:25:05,167 DEBUG [Server] Created system XMBean: jboss.system:service=JARDeployer
11:25:05,167 DEBUG [ServiceController] Creating service jboss.system:service=JARDeployer
11:25:05,167 DEBUG [JARDeployer] Creating jboss.system:service=JARDeployer
11:25:05,178 DEBUG [JARDeployer] Created jboss.system:service=JARDeployer
11:25:05,179 DEBUG [ServiceController] Creating dependent components for: jboss.system:service=JARDeployer dependents are: []
11:25:05,179 DEBUG [ServiceController] starting service jboss.system:service=JARDeployer
11:25:05,179 DEBUG [JARDeployer] Starting jboss.system:service=JARDeployer
11:25:05,179 DEBUG [MainDeployer] Adding deployer: org.jboss.deployment.JARDeployer@914f6a
11:25:05,180 DEBUG [SuffixOrderHelper] Static suffix exists; ignoring request for adding enhanced suffix: 700:.jar
11:25:05,180 DEBUG [JARDeployer] Started jboss.system:service=JARDeployer
11:25:05,180 DEBUG [ServiceController] Starting dependent components for: jboss.system:service=JARDeployer dependent components: []
11:25:05,200 DEBUG [Server] Created system XMBean: jboss.system:service=ServiceDeployer
11:25:05,201 DEBUG [ServiceController] Creating service jboss.system:service=ServiceDeployer
11:25:05,201 DEBUG [SARDeployer] Creating jboss.system:service=ServiceDeployer
11:25:05,208 DEBUG [SARDeployer] Created jboss.system:service=ServiceDeployer
11:25:05,209 DEBUG [ServiceController] Creating dependent components for: jboss.system:service=ServiceDeployer dependents are: []
11:25:05,209 DEBUG [ServiceController] starting service jboss.system:service=ServiceDeployer
11:25:05,209 DEBUG [SARDeployer] Starting jboss.system:service=ServiceDeployer
11:25:05,209 DEBUG [MainDeployer] Adding deployer: org.jboss.deployment.SARDeployer@18a49e0
11:25:05,212 DEBUG [SARDeployer] Started jboss.system:service=ServiceDeployer
11:25:05,213 DEBUG [ServiceController] Starting dependent components for: jboss.system:service=ServiceDeployer dependent components: []
11:25:05,213 INFO  [Server] Core system initialized
11:25:05,220 DEBUG [MainDeployer] Starting deployment of package: file:/D:/workspace/jituan/jboss-4.2.3.GA/server/default/conf/jboss-service.xml
11:25:05,220 DEBUG [MainDeployer] Starting deployment (init step) of package at: file:/D:/workspace/jituan/jboss-4.2.3.GA/server/default/conf/jboss-service.xml
11:25:05,231 DEBUG [MainDeployer] Copying file:/D:/workspace/jituan/jboss-4.2.3.GA/server/default/conf/jboss-service.xml -> D:\workspace\jituan\jboss-4.2.3.GA\server\default\tmp\deploy\tmp5338941199132328633jboss-service.xml
11:25:05,236 DEBUG [MainDeployer] using deployer org.jboss.deployment.SARDeployer@18a49e0
11:25:05,252 DEBUG [SARDeployer] Found classpath element: [classpath: null]
11:25:05,253 DEBUG [SARDeployer] codebase URL is file:/D:/workspace/jituan/jboss-4.2.3.GA/server/default/lib/
11:25:05,253 DEBUG [SARDeployer] listing codebase for archives matching *
11:25:05,255 DEBUG [SARDeployer] URLLister class is org.jboss.net.protocol.file.FileURLLister
11:25:05,257 DEBUG [SARDeployer] deployed classes for file:/D:/workspace/jituan/jboss-4.2.3.GA/server/default/lib/activation.jar
11:25:05,257 DEBUG [SARDeployer] deployed classes for file:/D:/workspace/jituan/jboss-4.2.3.GA/server/default/lib/antlr.jar
11:25:05,257 DEBUG [SARDeployer] deployed classes for file:/D:/workspace/jituan/jboss-4.2.3.GA/server/default/lib/asm-2.2.3.jar
11:25:05,257 DEBUG [SARDeployer] deployed classes for file:/D:/workspace/jituan/jboss-4.2.3.GA/server/default/lib/aspectjweaver-1.6.9.jar
11:25:05,257 DEBUG [SARDeployer] deployed classes for file:/D:/workspace/jituan/jboss-4.2.3.GA/server/default/lib/autonumber-plugin.jar
11:25:05,257 DEBUG [SARDeployer] deployed classes for file:/D:/workspace/jituan/jboss-4.2.3.GA/server/default/lib/bcel.jar
11:25:05,258 DEBUG [SARDeployer] deployed classes for file:/D:/workspace/jituan/jboss-4.2.3.GA/server/default/lib/bindingservice-plugin.jar
11:25:05,258 DEBUG [SARDeployer] deployed classes for file:/D:/workspace/jituan/jboss-4.2.3.GA/server/default/lib/bsf.jar
11:25:05,258 DEBUG [SARDeployer] deployed classes for file:/D:/workspace/jituan/jboss-4.2.3.GA/server/default/lib/cglib-nodep-2.2.jar
11:25:05,258 DEBUG [SARDeployer] deployed classes for file:/D:/workspace/jituan/jboss-4.2.3.GA/server/default/lib/cglib.jar
11:25:05,258 DEBUG [SARDeployer] deployed classes for file:/D:/workspace/jituan/jboss-4.2.3.GA/server/default/lib/commons-codec.jar
11:25:05,258 DEBUG [SARDeployer] deployed classes for file:/D:/workspace/jituan/jboss-4.2.3.GA/server/default/lib/commons-collections.jar
11:25:05,258 DEBUG [SARDeployer] deployed classes for file:/D:/workspace/jituan/jboss-4.2.3.GA/server/default/lib/commons-httpclient.jar
11:25:05,258 DEBUG [SARDeployer] deployed classes for file:/D:/workspace/jituan/jboss-4.2.3.GA/server/default/lib/commons-logging.jar
11:25:05,258 DEBUG [SARDeployer] deployed classes for file:/D:/workspace/jituan/jboss-4.2.3.GA/server/default/lib/dom4j.jar
11:25:05,258 DEBUG [SARDeployer] deployed classes for file:/D:/workspace/jituan/jboss-4.2.3.GA/server/default/lib/ejb3-persistence.jar
11:25:05,258 DEBUG [SARDeployer] deployed classes for file:/D:/workspace/jituan/jboss-4.2.3.GA/server/default/lib/el-api.jar
11:25:05,258 DEBUG [SARDeployer] deployed classes for file:/D:/workspace/jituan/jboss-4.2.3.GA/server/default/lib/hibernate-annotations.jar
11:25:05,258 DEBUG [SARDeployer] deployed classes for file:/D:/workspace/jituan/jboss-4.2.3.GA/server/default/lib/hibernate-entitymanager.jar
11:25:05,258 DEBUG [SARDeployer] deployed classes for file:/D:/workspace/jituan/jboss-4.2.3.GA/server/default/lib/hibernate3.jar
11:25:05,258 DEBUG [SARDeployer] deployed classes for file:/D:/workspace/jituan/jboss-4.2.3.GA/server/default/lib/hsqldb-plugin.jar
11:25:05,258 DEBUG [SARDeployer] deployed classes for file:/D:/workspace/jituan/jboss-4.2.3.GA/server/default/lib/hsqldb.jar
11:25:05,258 DEBUG [SARDeployer] deployed classes for file:/D:/workspace/jituan/jboss-4.2.3.GA/server/default/lib/javassist.jar
11:25:05,258 DEBUG [SARDeployer] deployed classes for file:/D:/workspace/jituan/jboss-4.2.3.GA/server/default/lib/jaxen.jar
11:25:05,258 DEBUG [SARDeployer] deployed classes for file:/D:/workspace/jituan/jboss-4.2.3.GA/server/default/lib/jboss-common-jdbc-wrapper.jar
11:25:05,258 DEBUG [SARDeployer] deployed classes for file:/D:/workspace/jituan/jboss-4.2.3.GA/server/default/lib/jboss-ejb3x.jar
11:25:05,258 DEBUG [SARDeployer] deployed classes for file:/D:/workspace/jituan/jboss-4.2.3.GA/server/default/lib/jboss-el-2.0.1.GA.jar
11:25:05,258 DEBUG [SARDeployer] deployed classes for file:/D:/workspace/jituan/jboss-4.2.3.GA/server/default/lib/jboss-hibernate.jar
11:25:05,258 DEBUG [SARDeployer] deployed classes for file:/D:/workspace/jituan/jboss-4.2.3.GA/server/default/lib/jboss-iiop.jar
11:25:05,258 DEBUG [SARDeployer] deployed classes for file:/D:/workspace/jituan/jboss-4.2.3.GA/server/default/lib/jboss-j2ee.jar
11:25:05,258 DEBUG [SARDeployer] deployed classes for file:/D:/workspace/jituan/jboss-4.2.3.GA/server/default/lib/jboss-jaxrpc.jar
11:25:05,258 DEBUG [SARDeployer] deployed classes for file:/D:/workspace/jituan/jboss-4.2.3.GA/server/default/lib/jboss-jaxws-ext.jar
11:25:05,258 DEBUG [SARDeployer] deployed classes for file:/D:/workspace/jituan/jboss-4.2.3.GA/server/default/lib/jboss-jaxws.jar
11:25:05,258 DEBUG [SARDeployer] deployed classes for file:/D:/workspace/jituan/jboss-4.2.3.GA/server/default/lib/jboss-jca.jar
11:25:05,258 DEBUG [SARDeployer] deployed classes for file:/D:/workspace/jituan/jboss-4.2.3.GA/server/default/lib/jboss-jsr77.jar
11:25:05,258 DEBUG [SARDeployer] deployed classes for file:/D:/workspace/jituan/jboss-4.2.3.GA/server/default/lib/jboss-jsr88.jar
11:25:05,258 DEBUG [SARDeployer] deployed classes for file:/D:/workspace/jituan/jboss-4.2.3.GA/server/default/lib/jboss-management.jar
11:25:05,258 DEBUG [SARDeployer] deployed classes for file:/D:/workspace/jituan/jboss-4.2.3.GA/server/default/lib/jboss-monitoring.jar
11:25:05,258 DEBUG [SARDeployer] deployed classes for file:/D:/workspace/jituan/jboss-4.2.3.GA/server/default/lib/jboss-remoting-int.jar
11:25:05,258 DEBUG [SARDeployer] deployed classes for file:/D:/workspace/jituan/jboss-4.2.3.GA/server/default/lib/jboss-remoting.jar
11:25:05,258 DEBUG [SARDeployer] deployed classes for file:/D:/workspace/jituan/jboss-4.2.3.GA/server/default/lib/jboss-saaj.jar
11:25:05,258 DEBUG [SARDeployer] deployed classes for file:/D:/workspace/jituan/jboss-4.2.3.GA/server/default/lib/jboss-serialization.jar
11:25:05,258 DEBUG [SARDeployer] deployed classes for file:/D:/workspace/jituan/jboss-4.2.3.GA/server/default/lib/jboss-srp.jar
11:25:05,258 DEBUG [SARDeployer] deployed classes for file:/D:/workspace/jituan/jboss-4.2.3.GA/server/default/lib/jboss-transaction.jar
11:25:05,258 DEBUG [SARDeployer] deployed classes for file:/D:/workspace/jituan/jboss-4.2.3.GA/server/default/lib/jboss-vfs.jar
11:25:05,258 DEBUG [SARDeployer] deployed classes for file:/D:/workspace/jituan/jboss-4.2.3.GA/server/default/lib/jboss.jar
11:25:05,258 DEBUG [SARDeployer] deployed classes for file:/D:/workspace/jituan/jboss-4.2.3.GA/server/default/lib/jbossjta-integration.jar
11:25:05,258 DEBUG [SARDeployer] deployed classes for file:/D:/workspace/jituan/jboss-4.2.3.GA/server/default/lib/jbossjta.jar
11:25:05,259 DEBUG [SARDeployer] deployed classes for file:/D:/workspace/jituan/jboss-4.2.3.GA/server/default/lib/jbossmq.jar
11:25:05,259 DEBUG [SARDeployer] deployed classes for file:/D:/workspace/jituan/jboss-4.2.3.GA/server/default/lib/jbosssx.jar
11:25:05,259 DEBUG [SARDeployer] deployed classes for file:/D:/workspace/jituan/jboss-4.2.3.GA/server/default/lib/jbossts-common.jar
11:25:05,259 DEBUG [SARDeployer] deployed classes for file:/D:/workspace/jituan/jboss-4.2.3.GA/server/default/lib/jbossws-common.jar
11:25:05,259 DEBUG [SARDeployer] deployed classes for file:/D:/workspace/jituan/jboss-4.2.3.GA/server/default/lib/jbossws-framework.jar
11:25:05,259 DEBUG [SARDeployer] deployed classes for file:/D:/workspace/jituan/jboss-4.2.3.GA/server/default/lib/jbossws-jboss42.jar
11:25:05,259 DEBUG [SARDeployer] deployed classes for file:/D:/workspace/jituan/jboss-4.2.3.GA/server/default/lib/jbossws-spi.jar
11:25:05,259 DEBUG [SARDeployer] deployed classes for file:/D:/workspace/jituan/jboss-4.2.3.GA/server/default/lib/jmx-adaptor-plugin.jar
11:25:05,259 DEBUG [SARDeployer] deployed classes for file:/D:/workspace/jituan/jboss-4.2.3.GA/server/default/lib/jnpserver.jar
11:25:05,259 DEBUG [SARDeployer] deployed classes for file:/D:/workspace/jituan/jboss-4.2.3.GA/server/default/lib/joesnmp.jar
11:25:05,259 DEBUG [SARDeployer] deployed classes for file:/D:/workspace/jituan/jboss-4.2.3.GA/server/default/lib/jsp-api.jar
11:25:05,259 DEBUG [SARDeployer] deployed classes for file:/D:/workspace/jituan/jboss-4.2.3.GA/server/default/lib/log4j-1.2.14.jar
11:25:05,259 DEBUG [SARDeployer] deployed classes for file:/D:/workspace/jituan/jboss-4.2.3.GA/server/default/lib/log4j-snmp-appender.jar
11:25:05,259 DEBUG [SARDeployer] deployed classes for file:/D:/workspace/jituan/jboss-4.2.3.GA/server/default/lib/log4j.jar
11:25:05,259 DEBUG [SARDeployer] deployed classes for file:/D:/workspace/jituan/jboss-4.2.3.GA/server/default/lib/mail-plugin.jar
11:25:05,259 DEBUG [SARDeployer] deployed classes for file:/D:/workspace/jituan/jboss-4.2.3.GA/server/default/lib/mail.jar
11:25:05,259 DEBUG [SARDeployer] deployed classes for file:/D:/workspace/jituan/jboss-4.2.3.GA/server/default/lib/ojdbc5.jar
11:25:05,259 DEBUG [SARDeployer] deployed classes for file:/D:/workspace/jituan/jboss-4.2.3.GA/server/default/lib/ojdbc6.jar
11:25:05,259 DEBUG [SARDeployer] deployed classes for file:/D:/workspace/jituan/jboss-4.2.3.GA/server/default/lib/properties-plugin.jar
11:25:05,259 DEBUG [SARDeployer] deployed classes for file:/D:/workspace/jituan/jboss-4.2.3.GA/server/default/lib/quartz.jar
11:25:05,259 DEBUG [SARDeployer] deployed classes for file:/D:/workspace/jituan/jboss-4.2.3.GA/server/default/lib/scheduler-plugin-example.jar
11:25:05,259 DEBUG [SARDeployer] deployed classes for file:/D:/workspace/jituan/jboss-4.2.3.GA/server/default/lib/scheduler-plugin.jar
11:25:05,259 DEBUG [SARDeployer] deployed classes for file:/D:/workspace/jituan/jboss-4.2.3.GA/server/default/lib/servlet-api.jar
11:25:05,259 DEBUG [SARDeployer] deployed classes for file:/D:/workspace/jituan/jboss-4.2.3.GA/server/default/lib/xmlentitymgr.jar
11:25:05,259 DEBUG [SARDeployer] about to copy 0 local directories
11:25:05,259 DEBUG [SARDeployer] looking for nested deployments in : file:/D:/workspace/jituan/jboss-4.2.3.GA/server/default/conf/jboss-service.xml
11:25:05,260 DEBUG [DeploymentInfo] createLoaderRepository from config: LoaderRepositoryConfig(repositoryName: JMImplementation:service=LoaderRepository,name=Default, repositoryClassName: null, configParserClassName: null, repositoryConfig: null)
11:25:05,261 DEBUG [RepositoryClassLoader] setRepository, repository=org.jboss.mx.loading.UnifiedLoaderRepository3@9f671b, cl=org.jboss.mx.loading.UnifiedClassLoader3@7736bd{ url=null ,addedOrder=0}
11:25:05,261 DEBUG [RepositoryClassLoader] setRepository, repository=org.jboss.mx.loading.UnifiedLoaderRepository3@9f671b, cl=org.jboss.mx.loading.UnifiedClassLoader3@7736bd{ url=null ,addedOrder=0}
11:25:05,261 DEBUG [UnifiedLoaderRepository3] Adding org.jboss.mx.loading.UnifiedClassLoader3@7736bd{ url=null ,addedOrder=0}
11:25:05,264 DEBUG [RepositoryClassLoader] Added url: file:/D:/workspace/jituan/jboss-4.2.3.GA/server/default/lib/activation.jar, to ucl: org.jboss.mx.loading.UnifiedClassLoader3@7736bd{ url=null ,addedOrder=2}
11:25:05,282 DEBUG [RepositoryClassLoader] Added url: file:/D:/workspace/jituan/jboss-4.2.3.GA/server/default/lib/antlr.jar, to ucl: org.jboss.mx.loading.UnifiedClassLoader3@7736bd{ url=null ,addedOrder=2}
11:25:05,284 DEBUG [RepositoryClassLoader] Added url: file:/D:/workspace/jituan/jboss-4.2.3.GA/server/default/lib/asm-2.2.3.jar, to ucl: org.jboss.mx.loading.UnifiedClassLoader3@7736bd{ url=null ,addedOrder=2}
11:25:05,304 DEBUG [ClassLoaderUtils] Multiple class loaders found for pkg: 
11:25:05,353 DEBUG [RepositoryClassLoader] Added url: file:/D:/workspace/jituan/jboss-4.2.3.GA/server/default/lib/aspectjweaver-1.6.9.jar, to ucl: org.jboss.mx.loading.UnifiedClassLoader3@7736bd{ url=null ,addedOrder=2}
11:25:05,354 DEBUG [RepositoryClassLoader] Added url: file:/D:/workspace/jituan/jboss-4.2.3.GA/server/default/lib/autonumber-plugin.jar, to ucl: org.jboss.mx.loading.UnifiedClassLoader3@7736bd{ url=null ,addedOrder=2}
11:25:05,374 DEBUG [RepositoryClassLoader] Added url: file:/D:/workspace/jituan/jboss-4.2.3.GA/server/default/lib/bcel.jar, to ucl: org.jboss.mx.loading.UnifiedClassLoader3@7736bd{ url=null ,addedOrder=2}
11:25:05,376 DEBUG [RepositoryClassLoader] Added url: file:/D:/workspace/jituan/jboss-4.2.3.GA/server/default/lib/bindingservice-plugin.jar, to ucl: org.jboss.mx.loading.UnifiedClassLoader3@7736bd{ url=null ,addedOrder=2}
11:25:05,382 DEBUG [RepositoryClassLoader] Added url: file:/D:/workspace/jituan/jboss-4.2.3.GA/server/default/lib/bsf.jar, to ucl: org.jboss.mx.loading.UnifiedClassLoader3@7736bd{ url=null ,addedOrder=2}
11:25:05,395 DEBUG [RepositoryClassLoader] Added url: file:/D:/workspace/jituan/jboss-4.2.3.GA/server/default/lib/cglib-nodep-2.2.jar, to ucl: org.jboss.mx.loading.UnifiedClassLoader3@7736bd{ url=null ,addedOrder=2}
11:25:05,408 DEBUG [RepositoryClassLoader] Added url: file:/D:/workspace/jituan/jboss-4.2.3.GA/server/default/lib/cglib.jar, to ucl: org.jboss.mx.loading.UnifiedClassLoader3@7736bd{ url=null ,addedOrder=2}
11:25:05,410 DEBUG [RepositoryClassLoader] Added url: file:/D:/workspace/jituan/jboss-4.2.3.GA/server/default/lib/commons-codec.jar, to ucl: org.jboss.mx.loading.UnifiedClassLoader3@7736bd{ url=null ,addedOrder=2}
11:25:05,431 DEBUG [RepositoryClassLoader] Added url: file:/D:/workspace/jituan/jboss-4.2.3.GA/server/default/lib/commons-collections.jar, to ucl: org.jboss.mx.loading.UnifiedClassLoader3@7736bd{ url=null ,addedOrder=2}
11:25:05,439 DEBUG [RepositoryClassLoader] Added url: file:/D:/workspace/jituan/jboss-4.2.3.GA/server/default/lib/commons-httpclient.jar, to ucl: org.jboss.mx.loading.UnifiedClassLoader3@7736bd{ url=null ,addedOrder=2}
11:25:05,441 DEBUG [RepositoryClassLoader] Added url: file:/D:/workspace/jituan/jboss-4.2.3.GA/server/default/lib/commons-logging.jar, to ucl: org.jboss.mx.loading.UnifiedClassLoader3@7736bd{ url=null ,addedOrder=2}
11:25:05,453 DEBUG [RepositoryClassLoader] Added url: file:/D:/workspace/jituan/jboss-4.2.3.GA/server/default/lib/dom4j.jar, to ucl: org.jboss.mx.loading.UnifiedClassLoader3@7736bd{ url=null ,addedOrder=2}
11:25:05,455 DEBUG [RepositoryClassLoader] Added url: file:/D:/workspace/jituan/jboss-4.2.3.GA/server/default/lib/ejb3-persistence.jar, to ucl: org.jboss.mx.loading.UnifiedClassLoader3@7736bd{ url=null ,addedOrder=2}
11:25:05,457 DEBUG [RepositoryClassLoader] Added url: file:/D:/workspace/jituan/jboss-4.2.3.GA/server/default/lib/el-api.jar, to ucl: org.jboss.mx.loading.UnifiedClassLoader3@7736bd{ url=null ,addedOrder=2}
11:25:05,473 DEBUG [RepositoryClassLoader] Added url: file:/D:/workspace/jituan/jboss-4.2.3.GA/server/default/lib/hibernate-annotations.jar, to ucl: org.jboss.mx.loading.UnifiedClassLoader3@7736bd{ url=null ,addedOrder=2}
11:25:05,478 DEBUG [RepositoryClassLoader] Added url: file:/D:/workspace/jituan/jboss-4.2.3.GA/server/default/lib/hibernate-entitymanager.jar, to ucl: org.jboss.mx.loading.UnifiedClassLoader3@7736bd{ url=null ,addedOrder=2}
11:25:05,565 DEBUG [RepositoryClassLoader] Added url: file:/D:/workspace/jituan/jboss-4.2.3.GA/server/default/lib/hibernate3.jar, to ucl: org.jboss.mx.loading.UnifiedClassLoader3@7736bd{ url=null ,addedOrder=2}
11:25:05,566 DEBUG [RepositoryClassLoader] Added url: file:/D:/workspace/jituan/jboss-4.2.3.GA/server/default/lib/hsqldb-plugin.jar, to ucl: org.jboss.mx.loading.UnifiedClassLoader3@7736bd{ url=null ,addedOrder=2}
11:25:05,592 DEBUG [RepositoryClassLoader] Added url: file:/D:/workspace/jituan/jboss-4.2.3.GA/server/default/lib/hsqldb.jar, to ucl: org.jboss.mx.loading.UnifiedClassLoader3@7736bd{ url=null ,addedOrder=2}
11:25:05,614 DEBUG [RepositoryClassLoader] Added url: file:/D:/workspace/jituan/jboss-4.2.3.GA/server/default/lib/javassist.jar, to ucl: org.jboss.mx.loading.UnifiedClassLoader3@7736bd{ url=null ,addedOrder=2}
11:25:05,623 DEBUG [RepositoryClassLoader] Added url: file:/D:/workspace/jituan/jboss-4.2.3.GA/server/default/lib/jaxen.jar, to ucl: org.jboss.mx.loading.UnifiedClassLoader3@7736bd{ url=null ,addedOrder=2}
11:25:05,627 DEBUG [RepositoryClassLoader] Added url: file:/D:/workspace/jituan/jboss-4.2.3.GA/server/default/lib/jboss-common-jdbc-wrapper.jar, to ucl: org.jboss.mx.loading.UnifiedClassLoader3@7736bd{ url=null ,addedOrder=2}
11:25:05,628 DEBUG [RepositoryClassLoader] Added url: file:/D:/workspace/jituan/jboss-4.2.3.GA/server/default/lib/jboss-ejb3x.jar, to ucl: org.jboss.mx.loading.UnifiedClassLoader3@7736bd{ url=null ,addedOrder=2}
11:25:05,633 DEBUG [RepositoryClassLoader] Added url: file:/D:/workspace/jituan/jboss-4.2.3.GA/server/default/lib/jboss-el-2.0.1.GA.jar, to ucl: org.jboss.mx.loading.UnifiedClassLoader3@7736bd{ url=null ,addedOrder=2}
11:25:05,634 DEBUG [RepositoryClassLoader] Added url: file:/D:/workspace/jituan/jboss-4.2.3.GA/server/default/lib/jboss-hibernate.jar, to ucl: org.jboss.mx.loading.UnifiedClassLoader3@7736bd{ url=null ,addedOrder=2}
11:25:05,647 DEBUG [RepositoryClassLoader] Added url: file:/D:/workspace/jituan/jboss-4.2.3.GA/server/default/lib/jboss-iiop.jar, to ucl: org.jboss.mx.loading.UnifiedClassLoader3@7736bd{ url=null ,addedOrder=2}
11:25:05,663 DEBUG [RepositoryClassLoader] Added url: file:/D:/workspace/jituan/jboss-4.2.3.GA/server/default/lib/jboss-j2ee.jar, to ucl: org.jboss.mx.loading.UnifiedClassLoader3@7736bd{ url=null ,addedOrder=2}
11:25:05,664 DEBUG [RepositoryClassLoader] Added url: file:/D:/workspace/jituan/jboss-4.2.3.GA/server/default/lib/jboss-jaxrpc.jar, to ucl: org.jboss.mx.loading.UnifiedClassLoader3@7736bd{ url=null ,addedOrder=2}
11:25:05,666 DEBUG [RepositoryClassLoader] Added url: file:/D:/workspace/jituan/jboss-4.2.3.GA/server/default/lib/jboss-jaxws-ext.jar, to ucl: org.jboss.mx.loading.UnifiedClassLoader3@7736bd{ url=null ,addedOrder=2}
11:25:05,668 DEBUG [RepositoryClassLoader] Added url: file:/D:/workspace/jituan/jboss-4.2.3.GA/server/default/lib/jboss-jaxws.jar, to ucl: org.jboss.mx.loading.UnifiedClassLoader3@7736bd{ url=null ,addedOrder=2}
11:25:05,677 DEBUG [RepositoryClassLoader] Added url: file:/D:/workspace/jituan/jboss-4.2.3.GA/server/default/lib/jboss-jca.jar, to ucl: org.jboss.mx.loading.UnifiedClassLoader3@7736bd{ url=null ,addedOrder=2}
11:25:05,678 DEBUG [RepositoryClassLoader] Added url: file:/D:/workspace/jituan/jboss-4.2.3.GA/server/default/lib/jboss-jsr77.jar, to ucl: org.jboss.mx.loading.UnifiedClassLoader3@7736bd{ url=null ,addedOrder=2}
11:25:05,681 DEBUG [RepositoryClassLoader] Added url: file:/D:/workspace/jituan/jboss-4.2.3.GA/server/default/lib/jboss-jsr88.jar, to ucl: org.jboss.mx.loading.UnifiedClassLoader3@7736bd{ url=null ,addedOrder=2}
11:25:05,687 DEBUG [RepositoryClassLoader] Added url: file:/D:/workspace/jituan/jboss-4.2.3.GA/server/default/lib/jboss-management.jar, to ucl: org.jboss.mx.loading.UnifiedClassLoader3@7736bd{ url=null ,addedOrder=2}
11:25:05,689 DEBUG [RepositoryClassLoader] Added url: file:/D:/workspace/jituan/jboss-4.2.3.GA/server/default/lib/jboss-monitoring.jar, to ucl: org.jboss.mx.loading.UnifiedClassLoader3@7736bd{ url=null ,addedOrder=2}
11:25:05,690 DEBUG [RepositoryClassLoader] Added url: file:/D:/workspace/jituan/jboss-4.2.3.GA/server/default/lib/jboss-remoting-int.jar, to ucl: org.jboss.mx.loading.UnifiedClassLoader3@7736bd{ url=null ,addedOrder=2}
11:25:05,723 DEBUG [RepositoryClassLoader] Added url: file:/D:/workspace/jituan/jboss-4.2.3.GA/server/default/lib/jboss-remoting.jar, to ucl: org.jboss.mx.loading.UnifiedClassLoader3@7736bd{ url=null ,addedOrder=2}
11:25:05,725 DEBUG [RepositoryClassLoader] Added url: file:/D:/workspace/jituan/jboss-4.2.3.GA/server/default/lib/jboss-saaj.jar, to ucl: org.jboss.mx.loading.UnifiedClassLoader3@7736bd{ url=null ,addedOrder=2}
11:25:05,730 DEBUG [RepositoryClassLoader] Added url: file:/D:/workspace/jituan/jboss-4.2.3.GA/server/default/lib/jboss-serialization.jar, to ucl: org.jboss.mx.loading.UnifiedClassLoader3@7736bd{ url=null ,addedOrder=2}
11:25:05,733 DEBUG [RepositoryClassLoader] Added url: file:/D:/workspace/jituan/jboss-4.2.3.GA/server/default/lib/jboss-srp.jar, to ucl: org.jboss.mx.loading.UnifiedClassLoader3@7736bd{ url=null ,addedOrder=2}
11:25:05,736 DEBUG [RepositoryClassLoader] Added url: file:/D:/workspace/jituan/jboss-4.2.3.GA/server/default/lib/jboss-transaction.jar, to ucl: org.jboss.mx.loading.UnifiedClassLoader3@7736bd{ url=null ,addedOrder=2}
11:25:05,741 DEBUG [RepositoryClassLoader] Added url: file:/D:/workspace/jituan/jboss-4.2.3.GA/server/default/lib/jboss-vfs.jar, to ucl: org.jboss.mx.loading.UnifiedClassLoader3@7736bd{ url=null ,addedOrder=2}
11:25:05,825 DEBUG [RepositoryClassLoader] Added url: file:/D:/workspace/jituan/jboss-4.2.3.GA/server/default/lib/jboss.jar, to ucl: org.jboss.mx.loading.UnifiedClassLoader3@7736bd{ url=null ,addedOrder=2}
11:25:05,827 DEBUG [RepositoryClassLoader] Added url: file:/D:/workspace/jituan/jboss-4.2.3.GA/server/default/lib/jbossjta-integration.jar, to ucl: org.jboss.mx.loading.UnifiedClassLoader3@7736bd{ url=null ,addedOrder=2}
11:25:05,855 DEBUG [RepositoryClassLoader] Added url: file:/D:/workspace/jituan/jboss-4.2.3.GA/server/default/lib/jbossjta.jar, to ucl: org.jboss.mx.loading.UnifiedClassLoader3@7736bd{ url=null ,addedOrder=2}
11:25:05,874 DEBUG [RepositoryClassLoader] Added url: file:/D:/workspace/jituan/jboss-4.2.3.GA/server/default/lib/jbossmq.jar, to ucl: org.jboss.mx.loading.UnifiedClassLoader3@7736bd{ url=null ,addedOrder=2}
11:25:05,885 DEBUG [RepositoryClassLoader] Added url: file:/D:/workspace/jituan/jboss-4.2.3.GA/server/default/lib/jbosssx.jar, to ucl: org.jboss.mx.loading.UnifiedClassLoader3@7736bd{ url=null ,addedOrder=2}
11:25:05,888 DEBUG [RepositoryClassLoader] Added url: file:/D:/workspace/jituan/jboss-4.2.3.GA/server/default/lib/jbossts-common.jar, to ucl: org.jboss.mx.loading.UnifiedClassLoader3@7736bd{ url=null ,addedOrder=2}
11:25:05,891 DEBUG [RepositoryClassLoader] Added url: file:/D:/workspace/jituan/jboss-4.2.3.GA/server/default/lib/jbossws-common.jar, to ucl: org.jboss.mx.loading.UnifiedClassLoader3@7736bd{ url=null ,addedOrder=2}
11:25:05,895 DEBUG [RepositoryClassLoader] Added url: file:/D:/workspace/jituan/jboss-4.2.3.GA/server/default/lib/jbossws-framework.jar, to ucl: org.jboss.mx.loading.UnifiedClassLoader3@7736bd{ url=null ,addedOrder=2}
11:25:05,898 DEBUG [RepositoryClassLoader] Added url: file:/D:/workspace/jituan/jboss-4.2.3.GA/server/default/lib/jbossws-jboss42.jar, to ucl: org.jboss.mx.loading.UnifiedClassLoader3@7736bd{ url=null ,addedOrder=2}
11:25:05,902 DEBUG [RepositoryClassLoader] Added url: file:/D:/workspace/jituan/jboss-4.2.3.GA/server/default/lib/jbossws-spi.jar, to ucl: org.jboss.mx.loading.UnifiedClassLoader3@7736bd{ url=null ,addedOrder=2}
11:25:05,903 DEBUG [RepositoryClassLoader] Added url: file:/D:/workspace/jituan/jboss-4.2.3.GA/server/default/lib/jmx-adaptor-plugin.jar, to ucl: org.jboss.mx.loading.UnifiedClassLoader3@7736bd{ url=null ,addedOrder=2}
11:25:05,905 DEBUG [RepositoryClassLoader] Added url: file:/D:/workspace/jituan/jboss-4.2.3.GA/server/default/lib/jnpserver.jar, to ucl: org.jboss.mx.loading.UnifiedClassLoader3@7736bd{ url=null ,addedOrder=2}
11:25:05,909 DEBUG [RepositoryClassLoader] Added url: file:/D:/workspace/jituan/jboss-4.2.3.GA/server/default/lib/joesnmp.jar, to ucl: org.jboss.mx.loading.UnifiedClassLoader3@7736bd{ url=null ,addedOrder=2}
11:25:05,912 DEBUG [RepositoryClassLoader] Added url: file:/D:/workspace/jituan/jboss-4.2.3.GA/server/default/lib/jsp-api.jar, to ucl: org.jboss.mx.loading.UnifiedClassLoader3@7736bd{ url=null ,addedOrder=2}
11:25:05,925 DEBUG [RepositoryClassLoader] Added url: file:/D:/workspace/jituan/jboss-4.2.3.GA/server/default/lib/log4j-1.2.14.jar, to ucl: org.jboss.mx.loading.UnifiedClassLoader3@7736bd{ url=null ,addedOrder=2}
11:25:05,926 DEBUG [RepositoryClassLoader] Added url: file:/D:/workspace/jituan/jboss-4.2.3.GA/server/default/lib/log4j-snmp-appender.jar, to ucl: org.jboss.mx.loading.UnifiedClassLoader3@7736bd{ url=null ,addedOrder=2}
11:25:05,939 DEBUG [RepositoryClassLoader] Added url: file:/D:/workspace/jituan/jboss-4.2.3.GA/server/default/lib/log4j.jar, to ucl: org.jboss.mx.loading.UnifiedClassLoader3@7736bd{ url=null ,addedOrder=2}
11:25:05,940 DEBUG [RepositoryClassLoader] Added url: file:/D:/workspace/jituan/jboss-4.2.3.GA/server/default/lib/mail-plugin.jar, to ucl: org.jboss.mx.loading.UnifiedClassLoader3@7736bd{ url=null ,addedOrder=2}
11:25:05,953 DEBUG [RepositoryClassLoader] Added url: file:/D:/workspace/jituan/jboss-4.2.3.GA/server/default/lib/mail.jar, to ucl: org.jboss.mx.loading.UnifiedClassLoader3@7736bd{ url=null ,addedOrder=2}
11:25:06,015 DEBUG [RepositoryClassLoader] Added url: file:/D:/workspace/jituan/jboss-4.2.3.GA/server/default/lib/ojdbc5.jar, to ucl: org.jboss.mx.loading.UnifiedClassLoader3@7736bd{ url=null ,addedOrder=2}
11:25:06,085 DEBUG [RepositoryClassLoader] Added url: file:/D:/workspace/jituan/jboss-4.2.3.GA/server/default/lib/ojdbc6.jar, to ucl: org.jboss.mx.loading.UnifiedClassLoader3@7736bd{ url=null ,addedOrder=2}
11:25:06,086 DEBUG [RepositoryClassLoader] Added url: file:/D:/workspace/jituan/jboss-4.2.3.GA/server/default/lib/properties-plugin.jar, to ucl: org.jboss.mx.loading.UnifiedClassLoader3@7736bd{ url=null ,addedOrder=2}
11:25:06,100 DEBUG [RepositoryClassLoader] Added url: file:/D:/workspace/jituan/jboss-4.2.3.GA/server/default/lib/quartz.jar, to ucl: org.jboss.mx.loading.UnifiedClassLoader3@7736bd{ url=null ,addedOrder=2}
11:25:06,100 DEBUG [RepositoryClassLoader] Added url: file:/D:/workspace/jituan/jboss-4.2.3.GA/server/default/lib/scheduler-plugin-example.jar, to ucl: org.jboss.mx.loading.UnifiedClassLoader3@7736bd{ url=null ,addedOrder=2}
11:25:06,102 DEBUG [RepositoryClassLoader] Added url: file:/D:/workspace/jituan/jboss-4.2.3.GA/server/default/lib/scheduler-plugin.jar, to ucl: org.jboss.mx.loading.UnifiedClassLoader3@7736bd{ url=null ,addedOrder=2}
11:25:06,106 DEBUG [RepositoryClassLoader] Added url: file:/D:/workspace/jituan/jboss-4.2.3.GA/server/default/lib/servlet-api.jar, to ucl: org.jboss.mx.loading.UnifiedClassLoader3@7736bd{ url=null ,addedOrder=2}
11:25:06,106 DEBUG [RepositoryClassLoader] Added url: file:/D:/workspace/jituan/jboss-4.2.3.GA/server/default/lib/xmlentitymgr.jar, to ucl: org.jboss.mx.loading.UnifiedClassLoader3@7736bd{ url=null ,addedOrder=2}
11:25:06,106 DEBUG [MainDeployer] found 0 subpackages of file:/D:/workspace/jituan/jboss-4.2.3.GA/server/default/conf/jboss-service.xml
11:25:06,106 DEBUG [MainDeployer] Watching new file: file:/D:/workspace/jituan/jboss-4.2.3.GA/server/default/conf/jboss-service.xml
11:25:06,106 DEBUG [MainDeployer] create step for deployment file:/D:/workspace/jituan/jboss-4.2.3.GA/server/default/conf/jboss-service.xml
11:25:06,106 DEBUG [SARDeployer] Deploying SAR, create step: url file:/D:/workspace/jituan/jboss-4.2.3.GA/server/default/conf/jboss-service.xml
11:25:06,107 DEBUG [SARDeployer] Registering service UCL=jmx.loading:UCL=7736bd
11:25:06,109 DEBUG [ServiceCreator] About to create bean: jboss.management.local:j2eeType=J2EEDomain,name=Manager with code: org.jboss.management.j2ee.LocalJBossServerDomain
11:25:06,150 DEBUG [ServiceCreator] Created bean: jboss.management.local:j2eeType=J2EEDomain,name=Manager
11:25:06,152 DEBUG [ServiceConfigurator] MainDeployer set to jboss.system:service=MainDeployer in jboss.management.local:j2eeType=J2EEDomain,name=Manager
11:25:06,153 DEBUG [ServiceConfigurator] SARDeployer set to jboss.system:service=ServiceDeployer in jboss.management.local:j2eeType=J2EEDomain,name=Manager
11:25:06,154 DEBUG [ServiceConfigurator] EARDeployer set to jboss.j2ee:service=EARDeployer in jboss.management.local:j2eeType=J2EEDomain,name=Manager
11:25:06,155 DEBUG [ServiceConfigurator] EJBDeployer set to jboss.ejb:service=EJBDeployer in jboss.management.local:j2eeType=J2EEDomain,name=Manager
11:25:06,155 DEBUG [ServiceConfigurator] RARDeployer set to jboss.jca:service=RARDeployer in jboss.management.local:j2eeType=J2EEDomain,name=Manager
11:25:06,156 DEBUG [ServiceConfigurator] CMDeployer set to jboss.jca:service=ConnectionFactoryDeployer in jboss.management.local:j2eeType=J2EEDomain,name=Manager
11:25:06,157 DEBUG [ServiceConfigurator] WARDeployer set to jboss.web:service=WebServer in jboss.management.local:j2eeType=J2EEDomain,name=Manager
11:25:06,158 DEBUG [ServiceConfigurator] CARDeployer set to jboss.j2ee:service=ClientDeployer in jboss.management.local:j2eeType=J2EEDomain,name=Manager
11:25:06,158 DEBUG [ServiceConfigurator] MailService set to jboss:service=Mail in jboss.management.local:j2eeType=J2EEDomain,name=Manager
11:25:06,159 DEBUG [ServiceConfigurator] JMSService set to jboss.mq:service=DestinationManager in jboss.management.local:j2eeType=J2EEDomain,name=Manager
11:25:06,160 DEBUG [ServiceConfigurator] JNDIService set to jboss:service=Naming in jboss.management.local:j2eeType=J2EEDomain,name=Manager
11:25:06,160 DEBUG [ServiceConfigurator] JTAService set to jboss:service=TransactionManager in jboss.management.local:j2eeType=J2EEDomain,name=Manager
11:25:06,161 DEBUG [ServiceConfigurator] UserTransactionService set to jboss:service=ClientUserTransaction in jboss.management.local:j2eeType=J2EEDomain,name=Manager
11:25:06,162 DEBUG [ServiceConfigurator] RMI_IIOPService set to jboss:service=CorbaORB in jboss.management.local:j2eeType=J2EEDomain,name=Manager
11:25:06,162 DEBUG [ServiceCreator] About to create xmbean object: jboss:service=AttributePersistenceService with code: org.jboss.system.pm.AttributePersistenceService with descriptor: resource:xmdesc/AttributePersistenceService-xmbean.xml
11:25:06,174 DEBUG [ModelMBeanInvoker] Loaded persistence mgr: org.jboss.mx.persistence.ObjectStreamPersistenceManager
11:25:06,174 DEBUG [ObjectStreamPersistenceManager] load, resource:org.jboss.system.pm.AttributePersistenceService@1372656
11:25:06,175 DEBUG [ObjectStreamPersistenceManager] Store file is: D:\workspace\jituan\jboss-4.2.3.GA\server\default\data\xmbean-attrs\AttributePersistenceService.ser
11:25:06,175 DEBUG [ServiceCreator] Created bean: jboss:service=AttributePersistenceService
11:25:06,175 DEBUG [ServiceCreator] About to create bean: jboss.system:service=ThreadPool with code: org.jboss.util.threadpool.BasicThreadPool
11:25:06,186 DEBUG [ServiceCreator] Created bean: jboss.system:service=ThreadPool
11:25:06,187 DEBUG [ServiceConfigurator] Name set to JBoss System Threads in jboss.system:service=ThreadPool
11:25:06,187 DEBUG [ServiceConfigurator] ThreadGroupName set to System Threads in jboss.system:service=ThreadPool
11:25:06,188 DEBUG [ServiceConfigurator] KeepAliveTime set to 60000 in jboss.system:service=ThreadPool
11:25:06,188 DEBUG [ServiceConfigurator] MaximumPoolSize set to 10 in jboss.system:service=ThreadPool
11:25:06,188 DEBUG [ServiceConfigurator] MaximumQueueSize set to 1000 in jboss.system:service=ThreadPool
11:25:06,189 DEBUG [ServiceConfigurator] BlockingMode set to run in jboss.system:service=ThreadPool
11:25:06,189 DEBUG [ServiceCreator] About to create xmbean object: jboss.system:type=Log4jService,service=Logging with code: org.jboss.logging.Log4jService with descriptor: resource:xmdesc/Log4jService-xmbean.xml
11:25:06,203 DEBUG [ServiceCreator] Created bean: jboss.system:type=Log4jService,service=Logging
11:25:06,204 DEBUG [ServiceConfigurator] ConfigurationURL set to resource:jboss-log4j.xml in jboss.system:type=Log4jService,service=Logging
11:25:06,204 DEBUG [ServiceConfigurator] Log4jQuietMode set to true in jboss.system:type=Log4jService,service=Logging
11:25:06,204 DEBUG [ServiceConfigurator] RefreshPeriod set to 60 in jboss.system:type=Log4jService,service=Logging
11:25:06,204 DEBUG [ServiceCreator] About to create bean: jboss.rmi:type=RMIClassLoader with code: org.jboss.util.property.jmx.SystemPropertyClassValue
11:25:06,206 DEBUG [ServiceCreator] Created bean: jboss.rmi:type=RMIClassLoader
11:25:06,206 DEBUG [ServiceConfigurator] Property set to java.rmi.server.RMIClassLoaderSpi in jboss.rmi:type=RMIClassLoader
11:25:06,207 DEBUG [ServiceConfigurator] ClassName set to org.jboss.system.JBossRMIClassLoader in jboss.rmi:type=RMIClassLoader
11:25:06,207 DEBUG [ServiceCreator] About to create bean: jboss:service=WebService with code: org.jboss.web.WebService
11:25:06,213 DEBUG [ServiceCreator] Created bean: jboss:service=WebService
11:25:06,213 DEBUG [ServiceConfigurator] BindAddress set to 127.0.0.1 in jboss:service=WebService
11:25:06,214 DEBUG [ServiceConfigurator] Port set to 8083 in jboss:service=WebService
11:25:06,215 DEBUG [ServiceConfigurator] Host set to 127.0.0.1 in jboss:service=WebService
11:25:06,215 DEBUG [ServiceConfigurator] DownloadServerClasses set to true in jboss:service=WebService
11:25:06,215 DEBUG [ServiceConfigurator] DownloadResources set to false in jboss:service=WebService
11:25:06,215 DEBUG [ServiceController] recording that jboss:service=WebService depends on jboss.system:service=ThreadPool
11:25:06,215 DEBUG [ServiceConfigurator] considering ThreadPool with object name jboss.system:service=ThreadPool
11:25:06,218 DEBUG [ServiceCreator] About to create xmbean object: jboss:service=NamingBeanImpl with code: org.jnp.server.NamingBeanImpl with descriptor: resource:xmdesc/NamingBean-xmbean.xml
11:25:06,225 DEBUG [ServiceCreator] Created bean: jboss:service=NamingBeanImpl
11:25:06,225 DEBUG [ServiceCreator] About to create xmbean object: jboss:service=Naming with code: org.jboss.naming.NamingService with descriptor: resource:xmdesc/NamingService-xmbean.xml
11:25:06,244 DEBUG [ModelMBeanInvoker] Ignoring obsolete legacy interceptor: org.jboss.mx.interceptor.PersistenceInterceptor2
11:25:06,244 DEBUG [ModelMBeanInvoker] Ignoring obsolete legacy interceptor: org.jboss.mx.interceptor.ModelMBeanInterceptor
11:25:06,244 DEBUG [ModelMBeanInvoker] Ignoring obsolete legacy interceptor: org.jboss.mx.interceptor.ObjectReferenceInterceptor
11:25:06,245 DEBUG [ServiceCreator] Created bean: jboss:service=Naming
11:25:06,245 DEBUG [ServiceConfigurator] CallByValue set to false in jboss:service=Naming
11:25:06,245 DEBUG [ServiceConfigurator] Port set to 1099 in jboss:service=Naming
11:25:06,246 DEBUG [ServiceConfigurator] BindAddress set to 127.0.0.1 in jboss:service=Naming
11:25:06,246 DEBUG [ServiceConfigurator] RmiPort set to 2098 in jboss:service=Naming
11:25:06,246 DEBUG [ServiceConfigurator] RmiBindAddress set to 127.0.0.1 in jboss:service=Naming
11:25:06,247 DEBUG [ServiceController] recording that jboss:service=Naming depends on jboss.system:service=ThreadPool
11:25:06,247 DEBUG [ServiceConfigurator] considering LookupPool with object name jboss.system:service=ThreadPool
11:25:06,249 DEBUG [ServiceController] recording that jboss:service=Naming depends on jboss:service=NamingBeanImpl
11:25:06,249 DEBUG [ServiceConfigurator] considering Naming with object name jboss:service=NamingBeanImpl
11:25:06,250 DEBUG [ServiceCreator] About to create xmbean object: jboss:service=JNDIView with code: org.jboss.naming.JNDIView with descriptor: resource:xmdesc/JNDIView-xmbean.xml
11:25:06,261 DEBUG [ServiceCreator] Created bean: jboss:service=JNDIView
11:25:06,261 DEBUG [ServiceConfigurator] HANamingService set to jboss:service=HAJNDI in jboss:service=JNDIView
11:25:06,262 DEBUG [ServiceCreator] About to create bean: jboss.security:service=SecurityConfig with code: org.jboss.security.plugins.SecurityConfig
11:25:06,266 DEBUG [ServiceCreator] Created bean: jboss.security:service=SecurityConfig
11:25:06,266 DEBUG [ServiceConfigurator] LoginConfig set to jboss.security:service=XMLLoginConfig in jboss.security:service=SecurityConfig
11:25:06,266 DEBUG [ServiceCreator] About to create bean: jboss.security:service=XMLLoginConfig with code: org.jboss.security.auth.login.XMLLoginConfig
11:25:06,271 DEBUG [ServiceCreator] Created bean: jboss.security:service=XMLLoginConfig
11:25:06,272 DEBUG [ServiceConfigurator] ConfigResource set to login-config.xml in jboss.security:service=XMLLoginConfig
11:25:06,272 DEBUG [ServiceCreator] About to create bean: jboss.security:service=JaasSecurityManager with code: org.jboss.security.plugins.JaasSecurityManagerService
11:25:06,282 DEBUG [ServiceCreator] Created bean: jboss.security:service=JaasSecurityManager
11:25:06,282 DEBUG [ServiceConfigurator] ServerMode set to true in jboss.security:service=JaasSecurityManager
11:25:06,283 DEBUG [ServiceConfigurator] SecurityManagerClassName set to org.jboss.security.plugins.JaasSecurityManager in jboss.security:service=JaasSecurityManager
11:25:06,283 DEBUG [ServiceConfigurator] DefaultUnauthenticatedPrincipal set to anonymous in jboss.security:service=JaasSecurityManager
11:25:06,283 DEBUG [ServiceConfigurator] DefaultCacheTimeout set to 1800 in jboss.security:service=JaasSecurityManager
11:25:06,283 DEBUG [ServiceConfigurator] DefaultCacheResolution set to 60 in jboss.security:service=JaasSecurityManager
11:25:06,283 DEBUG [ServiceConfigurator] DeepCopySubjectMode set to false in jboss.security:service=JaasSecurityManager
11:25:06,284 DEBUG [JaasSecurityManagerService] setDeepCopySubjectMode=false
11:25:06,284 DEBUG [ServiceCreator] About to create bean: jboss:service=XidFactory with code: org.jboss.tm.XidFactory
11:25:06,288 DEBUG [ServiceCreator] Created bean: jboss:service=XidFactory
11:25:06,288 DEBUG [ServiceCreator] About to create bean: jboss:service=TransactionManager with code: com.arjuna.ats.jbossatx.jta.TransactionManagerService
11:25:06,315 DEBUG [ServiceCreator] Created bean: jboss:service=TransactionManager
11:25:06,315 DEBUG [ServiceConfigurator] TransactionTimeout set to 300 in jboss:service=TransactionManager
11:25:06,316 DEBUG [ServiceConfigurator] ObjectStoreDir set to D:\workspace\jituan\jboss-4.2.3.GA\server\default\data/tx-object-store in jboss:service=TransactionManager
11:25:06,316 DEBUG [ServiceCreator] About to create xmbean object: jboss:service=ClientUserTransaction with code: org.jboss.tm.usertx.server.ClientUserTransactionService with descriptor: resource:xmdesc/ClientUserTransaction-xmbean.xml
11:25:06,324 DEBUG [ServiceCreator] Created bean: jboss:service=ClientUserTransaction
11:25:06,324 DEBUG [ServiceCreator] About to create bean: jboss:service=proxyFactory,target=ClientUserTransactionFactory with code: org.jboss.invocation.jrmp.server.JRMPProxyFactory
11:25:06,330 DEBUG [ServiceCreator] Created bean: jboss:service=proxyFactory,target=ClientUserTransactionFactory
11:25:06,330 DEBUG [ServiceConfigurator] InvokerName set to jboss:service=invoker,type=unified in jboss:service=proxyFactory,target=ClientUserTransactionFactory
11:25:06,331 DEBUG [ServiceConfigurator] TargetName set to jboss:service=ClientUserTransaction in jboss:service=proxyFactory,target=ClientUserTransactionFactory
11:25:06,331 DEBUG [ServiceConfigurator] JndiName set to UserTransactionSessionFactory in jboss:service=proxyFactory,target=ClientUserTransactionFactory
11:25:06,332 DEBUG [ServiceConfigurator] ExportedInterface set to interface org.jboss.tm.usertx.interfaces.UserTransactionSessionFactory in jboss:service=proxyFactory,target=ClientUserTransactionFactory
11:25:06,335 DEBUG [ServiceConfigurator] ClientInterceptors set to [interceptors: null] in jboss:service=proxyFactory,target=ClientUserTransactionFactory
11:25:06,337 DEBUG [JRMPProxyFactory] added interceptor type: class org.jboss.proxy.ClientMethodInterceptor
11:25:06,337 DEBUG [JRMPProxyFactory] added interceptor type: class org.jboss.invocation.InvokerInterceptor
11:25:06,337 DEBUG [ServiceController] recording that jboss:service=proxyFactory,target=ClientUserTransactionFactory depends on jboss:service=invoker,type=unified
11:25:06,337 DEBUG [ServiceConfigurator] considering <anonymous> with object name jboss:service=invoker,type=unified
11:25:06,337 DEBUG [ServiceController] recording that jboss:service=ClientUserTransaction depends on jboss:service=proxyFactory,target=ClientUserTransactionFactory
11:25:06,338 DEBUG [ServiceConfigurator] considering <anonymous> with object name jboss:service=proxyFactory,target=ClientUserTransactionFactory
11:25:06,338 DEBUG [ServiceCreator] About to create bean: jboss:service=proxyFactory,target=ClientUserTransaction with code: org.jboss.invocation.jrmp.server.JRMPProxyFactory
11:25:06,339 DEBUG [ServiceCreator] Created bean: jboss:service=proxyFactory,target=ClientUserTransaction
11:25:06,340 DEBUG [ServiceConfigurator] InvokerName set to jboss:service=invoker,type=unified in jboss:service=proxyFactory,target=ClientUserTransaction
11:25:06,340 DEBUG [ServiceConfigurator] TargetName set to jboss:service=ClientUserTransaction in jboss:service=proxyFactory,target=ClientUserTransaction
11:25:06,341 DEBUG [ServiceConfigurator] ExportedInterface set to interface org.jboss.tm.usertx.interfaces.UserTransactionSession in jboss:service=proxyFactory,target=ClientUserTransaction
11:25:06,343 DEBUG [ServiceConfigurator] ClientInterceptors set to [interceptors: null] in jboss:service=proxyFactory,target=ClientUserTransaction
11:25:06,343 DEBUG [JRMPProxyFactory] added interceptor type: class org.jboss.proxy.ClientMethodInterceptor
11:25:06,343 DEBUG [JRMPProxyFactory] added interceptor type: class org.jboss.invocation.InvokerInterceptor
11:25:06,343 DEBUG [ServiceController] recording that jboss:service=proxyFactory,target=ClientUserTransaction depends on jboss:service=invoker,type=unified
11:25:06,343 DEBUG [ServiceConfigurator] considering <anonymous> with object name jboss:service=invoker,type=unified
11:25:06,343 DEBUG [ServiceController] recording that jboss:service=ClientUserTransaction depends on jboss:service=proxyFactory,target=ClientUserTransaction
11:25:06,343 DEBUG [ServiceConfigurator] considering TxProxyName with object name jboss:service=proxyFactory,target=ClientUserTransaction
11:25:06,343 DEBUG [ServiceCreator] About to create bean: jboss:service=invoker,type=unified with code: org.jboss.invocation.unified.server.UnifiedInvoker
11:25:06,350 DEBUG [ServiceCreator] Created bean: jboss:service=invoker,type=unified
11:25:06,350 DEBUG [ServiceController] recording that jboss:service=invoker,type=unified depends on jboss:service=TransactionManager
11:25:06,350 DEBUG [ServiceConfigurator] considering <anonymous> with object name jboss:service=TransactionManager
11:25:06,350 DEBUG [ServiceController] recording that jboss:service=invoker,type=unified depends on jboss.remoting:service=Connector,transport=socket
11:25:06,350 DEBUG [ServiceConfigurator] considering <anonymous> with object name jboss.remoting:service=Connector,transport=socket
11:25:06,350 DEBUG [ServiceCreator] About to create bean: jboss:service=invoker,type=jrmp with code: org.jboss.invocation.jrmp.server.JRMPInvoker
11:25:06,360 DEBUG [ServiceCreator] Created bean: jboss:service=invoker,type=jrmp
11:25:06,361 DEBUG [ServiceConfigurator] RMIObjectPort set to 4444 in jboss:service=invoker,type=jrmp
11:25:06,361 DEBUG [ServiceConfigurator] ServerAddress set to 127.0.0.1 in jboss:service=invoker,type=jrmp
11:25:06,362 DEBUG [ServiceController] recording that jboss:service=invoker,type=jrmp depends on jboss:service=TransactionManager
11:25:06,362 DEBUG [ServiceConfigurator] considering <anonymous> with object name jboss:service=TransactionManager
11:25:06,362 DEBUG [ServiceCreator] About to create bean: jboss:service=invoker,type=local with code: org.jboss.invocation.local.LocalInvoker
11:25:06,364 DEBUG [ServiceCreator] Created bean: jboss:service=invoker,type=local
11:25:06,364 DEBUG [ServiceController] recording that jboss:service=invoker,type=local depends on jboss:service=TransactionManager
11:25:06,364 DEBUG [ServiceConfigurator] considering <anonymous> with object name jboss:service=TransactionManager
11:25:06,365 DEBUG [ServiceCreator] About to create bean: jboss:service=invoker,type=pooled with code: org.jboss.invocation.pooled.server.PooledInvoker
11:25:06,373 DEBUG [ServiceCreator] Created bean: jboss:service=invoker,type=pooled
11:25:06,373 DEBUG [ServiceConfigurator] NumAcceptThreads set to 1 in jboss:service=invoker,type=pooled
11:25:06,374 DEBUG [ServiceConfigurator] MaxPoolSize set to 300 in jboss:service=invoker,type=pooled
11:25:06,374 DEBUG [ServiceConfigurator] ClientMaxPoolSize set to 300 in jboss:service=invoker,type=pooled
11:25:06,374 DEBUG [ServiceConfigurator] SocketTimeout set to 60000 in jboss:service=invoker,type=pooled
11:25:06,375 DEBUG [ServiceConfigurator] ServerBindAddress set to 127.0.0.1 in jboss:service=invoker,type=pooled
11:25:06,375 DEBUG [ServiceConfigurator] ServerBindPort set to 4445 in jboss:service=invoker,type=pooled
11:25:06,376 DEBUG [ServiceConfigurator] ClientConnectAddress set to 127.0.0.1 in jboss:service=invoker,type=pooled
11:25:06,377 DEBUG [ServiceConfigurator] ClientConnectPort set to 0 in jboss:service=invoker,type=pooled
11:25:06,377 DEBUG [ServiceConfigurator] ClientRetryCount set to 1 in jboss:service=invoker,type=pooled
11:25:06,377 DEBUG [ServiceConfigurator] EnableTcpNoDelay set to false in jboss:service=invoker,type=pooled
11:25:06,377 DEBUG [ServiceController] recording that jboss:service=invoker,type=pooled depends on jboss:service=TransactionManager
11:25:06,377 DEBUG [ServiceConfigurator] considering TransactionManagerService with object name jboss:service=TransactionManager
11:25:06,377 DEBUG [ServiceCreator] About to create bean: jboss.remoting:service=NetworkRegistry with code: org.jboss.remoting.network.NetworkRegistry
11:25:06,383 DEBUG [ServiceCreator] Created bean: jboss.remoting:service=NetworkRegistry
11:25:06,383 DEBUG [ServiceCreator] About to create bean: jboss.remoting:service=Connector,transport=socket with code: org.jboss.remoting.transport.Connector
11:25:06,388 DEBUG [ServiceCreator] Created bean: jboss.remoting:service=Connector,transport=socket
11:25:06,390 DEBUG [ServiceConfigurator] Configuration set to [config: null] in jboss.remoting:service=Connector,transport=socket
11:25:06,390 DEBUG [ServiceController] recording that jboss.remoting:service=Connector,transport=socket depends on jboss.remoting:service=NetworkRegistry
11:25:06,390 DEBUG [ServiceConfigurator] considering <anonymous> with object name jboss.remoting:service=NetworkRegistry
11:25:06,390 DEBUG [ServiceCreator] About to create bean: jboss.jdbc:service=metadata with code: org.jboss.ejb.plugins.cmp.jdbc.metadata.MetaDataLibrary
11:25:06,393 DEBUG [ServiceCreator] Created bean: jboss.jdbc:service=metadata
11:25:06,393 DEBUG [ServiceCreator] About to create bean: jboss.deployment:type=DeploymentScanner,flavor=URL with code: org.jboss.deployment.scanner.URLDeploymentScanner
11:25:06,399 DEBUG [ServiceCreator] Created bean: jboss.deployment:type=DeploymentScanner,flavor=URL
11:25:06,399 DEBUG [ServiceController] recording that jboss.deployment:type=DeploymentScanner,flavor=URL depends on jboss.system:service=MainDeployer
11:25:06,399 DEBUG [ServiceConfigurator] considering Deployer with object name jboss.system:service=MainDeployer
11:25:06,401 DEBUG [ServiceConfigurator] URLComparator set to org.jboss.deployment.DeploymentSorter in jboss.deployment:type=DeploymentScanner,flavor=URL
11:25:06,403 DEBUG [ServiceConfigurator] FilterInstance set to org.jboss.deployment.scanner.DeploymentFilter@afa68a in jboss.deployment:type=DeploymentScanner,flavor=URL
11:25:06,403 DEBUG [ServiceConfigurator] ScanPeriod set to 5000 in jboss.deployment:type=DeploymentScanner,flavor=URL
11:25:06,403 DEBUG [ServiceConfigurator] ScanEnabled set to true in jboss.deployment:type=DeploymentScanner,flavor=URL
11:25:06,404 DEBUG [ServiceConfigurator] URLs set to deploy/ in jboss.deployment:type=DeploymentScanner,flavor=URL
11:25:06,404 DEBUG [URLDeploymentScanner] Adding URL from spec: deploy/
11:25:06,404 DEBUG [URLDeploymentScanner] URL: file:/D:/workspace/jituan/jboss-4.2.3.GA/server/default/deploy/
11:25:06,404 DEBUG [URLDeploymentScanner] Added url: file:/D:/workspace/jituan/jboss-4.2.3.GA/server/default/deploy/
11:25:06,404 DEBUG [URLDeploymentScanner] URL list: [file:/D:/workspace/jituan/jboss-4.2.3.GA/server/default/deploy/]
11:25:06,404 DEBUG [ServiceConfigurator] RecursiveSearch set to true in jboss.deployment:type=DeploymentScanner,flavor=URL
11:25:06,404 DEBUG [ServiceController] Creating service jboss.management.local:j2eeType=J2EEDomain,name=Manager
11:25:06,404 DEBUG [LocalJBossServerDomain] Creating jboss.management.local:j2eeType=J2EEDomain,name=Manager
11:25:06,404 DEBUG [LocalJBossServerDomain] setupJ2EEMBeans(), create J2EEServer instance
11:25:06,408 DEBUG [J2EEDomain] ctor, name: jboss.management.local:name=jboss.management.local,j2eeType=J2EEDomain
11:25:06,409 DEBUG [J2EEDomain] postRegister(), parent: null
11:25:06,412 DEBUG [J2EEServer] postRegister(), parent: jboss.management.local:j2eeType=J2EEDomain,name=jboss.management.local
11:25:06,422 DEBUG [JVM] postRegister(), parent: jboss.management.local:j2eeType=J2EEServer,name=Local
11:25:06,431 DEBUG [LocalJBossServerDomain] Registered as listener of: jboss.system:service=ServiceController
11:25:06,439 DEBUG [LocalJBossServerDomain] Registering with all deployers, mainDeployer=jboss.system:service=MainDeployer
11:25:06,439 DEBUG [LocalJBossServerDomain] Getting current deployers
11:25:06,439 DEBUG [LocalJBossServerDomain] Registering as listener of deployer: jboss.system:service=ServiceDeployer
11:25:06,439 DEBUG [LocalJBossServerDomain] Registering as listener of deployer: jboss.system:service=JARDeployer
11:25:06,439 DEBUG [LocalJBossServerDomain] Created jboss.management.local:j2eeType=J2EEDomain,name=Manager
11:25:06,440 DEBUG [LocalJBossServerDomain] handleNotification: javax.management.Notification[source=jboss.system:service=ServiceController][type=org.jboss.system.ServiceMBean.create][message=]
11:25:06,440 DEBUG [DefaultManagedObjectFactoryMap] Failed to find factory for event: javax.management.Notification[source=jboss.system:service=ServiceController][type=org.jboss.system.ServiceMBean.create][message=]
11:25:06,440 DEBUG [ServiceController] Creating dependent components for: jboss.management.local:j2eeType=J2EEDomain,name=Manager dependents are: []
11:25:06,440 DEBUG [ServiceController] Creating service jboss:service=AttributePersistenceService
11:25:06,440 DEBUG [AttributePersistenceService] Creating jboss:service=AttributePersistenceService
11:25:06,440 DEBUG [AttributePersistenceService] Created jboss:service=AttributePersistenceService
11:25:06,440 DEBUG [LocalJBossServerDomain] handleNotification: javax.management.Notification[source=jboss.system:service=ServiceController][type=org.jboss.system.ServiceMBean.create][message=]
11:25:06,440 DEBUG [DefaultManagedObjectFactoryMap] Failed to find factory for event: javax.management.Notification[source=jboss.system:service=ServiceController][type=org.jboss.system.ServiceMBean.create][message=]
11:25:06,440 DEBUG [ServiceController] Creating dependent components for: jboss:service=AttributePersistenceService dependents are: []
11:25:06,440 DEBUG [ServiceController] Creating service jboss.system:service=ThreadPool
11:25:06,440 DEBUG [LocalJBossServerDomain] handleNotification: javax.management.Notification[source=jboss.system:service=ServiceController][type=org.jboss.system.ServiceMBean.create][message=]
11:25:06,440 DEBUG [DefaultManagedObjectFactoryMap] Failed to find factory for event: javax.management.Notification[source=jboss.system:service=ServiceController][type=org.jboss.system.ServiceMBean.create][message=]
11:25:06,440 DEBUG [ServiceController] Creating dependent components for: jboss.system:service=ThreadPool dependents are: [ObjectName: jboss:service=WebService
  State: CONFIGURED
  I Depend On:
    jboss.system:service=ThreadPool
, ObjectName: jboss:service=Naming
  State: CONFIGURED
  I Depend On:
    jboss.system:service=ThreadPool
    jboss:service=NamingBeanImpl
]
11:25:06,440 DEBUG [ServiceController] Creating service jboss:service=WebService
11:25:06,440 DEBUG [WebService] Creating jboss:service=WebService
11:25:06,441 INFO  [WebService] Using RMI server codebase: http://127.0.0.1:8083/
11:25:06,442 DEBUG [WebService] Created jboss:service=WebService
11:25:06,442 DEBUG [LocalJBossServerDomain] handleNotification: javax.management.Notification[source=jboss.system:service=ServiceController][type=org.jboss.system.ServiceMBean.create][message=]
11:25:06,442 DEBUG [DefaultManagedObjectFactoryMap] Failed to find factory for event: javax.management.Notification[source=jboss.system:service=ServiceController][type=org.jboss.system.ServiceMBean.create][message=]
11:25:06,442 DEBUG [ServiceController] Creating dependent components for: jboss:service=WebService dependents are: []
11:25:06,442 DEBUG [ServiceController] Creating service jboss:service=Naming
11:25:06,442 DEBUG [ServiceController] waiting in create of jboss:service=Naming waiting on jboss:service=NamingBeanImpl
11:25:06,442 DEBUG [ServiceController] Creating service jboss.system:type=Log4jService,service=Logging
11:25:06,443 DEBUG [Log4jService] Creating jboss.system:type=Log4jService,service=Logging
11:25:06,443 INFO  [Log4jService$URLWatchTimerTask] Configuring from URL: resource:jboss-log4j.xml
