14:28:37,035 INFO  [SyncCommandService] exception while executing command com.regaltec.bdf.rbpm.pvm.internal.cmd.StartProcessInstanceInLatestCmd@7b67dbe
com.regaltec.bdf.rbpm.pvm.internal.wire.BpmClassNotFoundException: couldn't load class com.regaltec.bdf.rbpm.pvm.internal.repository.RepositorySessionImpl
	at com.regaltec.bdf.rbpm.pvm.internal.wire.descriptor.ObjectDescriptor.construct(ObjectDescriptor.java:189)
	at com.regaltec.bdf.rbpm.pvm.internal.wire.WireContext.construct(WireContext.java:479)
	at com.regaltec.bdf.rbpm.pvm.internal.wire.WireContext.create(WireContext.java:456)
	at com.regaltec.bdf.rbpm.pvm.internal.wire.WireContext.create(WireContext.java:443)
	at com.regaltec.bdf.rbpm.pvm.internal.wire.WireContext.get(WireContext.java:417)
	at com.regaltec.bdf.rbpm.pvm.internal.wire.WireContext.get(WireContext.java:319)
	at com.regaltec.bdf.rbpm.pvm.internal.wire.WireContext.get(WireContext.java:694)
	at com.regaltec.bdf.rbpm.pvm.internal.env.BasicEnvironment.get(BasicEnvironment.java:118)
	at com.regaltec.bdf.rbpm.pvm.internal.env.BasicEnvironment.get(BasicEnvironment.java:109)
	at com.regaltec.bdf.rbpm.pvm.internal.cmd.StartProcessInstanceInLatestCmd.execute(StartProcessInstanceInLatestCmd.java:44)
	at com.regaltec.bdf.rbpm.pvm.internal.cmd.StartProcessInstanceInLatestCmd.execute(StartProcessInstanceInLatestCmd.java:1)
	at com.regaltec.bdf.rbpm.pvm.internal.svc.SyncCommandService.execute(SyncCommandService.java:26)
	at com.regaltec.bdf.rbpm.pvm.internal.spring.CommandTransactionCallback.doInTransaction(CommandTransactionCallback.java:32)
	at org.springframework.transaction.support.TransactionTemplate.execute(TransactionTemplate.java:130)
	at com.regaltec.bdf.rbpm.pvm.internal.tx.SpringTransactionInterceptor.execute(SpringTransactionInterceptor.java:63)
	at com.regaltec.bdf.rbpm.pvm.internal.svc.EnvironmentInterceptor.executeInNewEnvironment(EnvironmentInterceptor.java:37)
	at com.regaltec.bdf.rbpm.pvm.internal.svc.EnvironmentInterceptor.execute(EnvironmentInterceptor.java:24)
	at com.regaltec.bdf.rbpm.pvm.internal.svc.RetryInterceptor.execute(RetryInterceptor.java:40)
	at com.regaltec.bdf.rbpm.pvm.internal.svc.ExecutionServiceImpl.startProcessInstanceByKey(ExecutionServiceImpl.java:58)
	at com.regaltec.bdf.rbpm.clientService.impl.RbpmServiceImpl.startProcess(RbpmServiceImpl.java:183)
	at com.regaltec.ida40.mp.bo.impl.AbstractFlowWorkBO.bindWorkFlow(AbstractFlowWorkBO.java:96)
	at com.regaltec.ida40.mp.bo.impl.AbstractFlowOperateBO.accept(AbstractFlowOperateBO.java:690)
	at com.regaltec.ida40.mp.bo.impl.MpFlowOperateBO.accept(MpFlowOperateBO.java:233)
	at com.regaltec.ida40.mp.reg.RegMpBillInterfacesBO.dispatchBill(RegMpBillInterfacesBO.java:164)
	at com.regaltec.ida40.reg.schedule.CreateRegBillThread.run(CreateRegBillThread.java:130)
Caused by: java.lang.ClassNotFoundException: No ClassLoaders found for: com.regaltec.bdf.rbpm.pvm.internal.repository.RepositorySessionImpl
	at org.jboss.mx.loading.LoadMgr3.beginLoadTask(LoadMgr3.java:212)
	at org.jboss.mx.loading.RepositoryClassLoader.loadClassImpl(RepositoryClassLoader.java:521)
	at org.jboss.mx.loading.RepositoryClassLoader.loadClass(RepositoryClassLoader.java:415)
	at java.lang.ClassLoader.loadClass(ClassLoader.java:248)
	at java.lang.Class.forName0(Native Method)
	at java.lang.Class.forName(Class.java:247)
	at com.regaltec.bdf.rbpm.pvm.internal.wire.descriptor.ObjectDescriptor.construct(ObjectDescriptor.java:187)
	... 24 more
14:28:37,051 ERROR [STDERR] com.regaltec.bdf.rbpm.pvm.internal.wire.BpmClassNotFoundException: couldn't load class com.regaltec.bdf.rbpm.pvm.internal.repository.RepositorySessionImpl
14:28:37,051 ERROR [STDERR] 	at com.regaltec.bdf.rbpm.pvm.internal.wire.descriptor.ObjectDescriptor.construct(ObjectDescriptor.java:189)
14:28:37,051 ERROR [STDERR] 	at com.regaltec.bdf.rbpm.pvm.internal.wire.WireContext.construct(WireContext.java:479)
14:28:37,051 ERROR [STDERR] 	at com.regaltec.bdf.rbpm.pvm.internal.wire.WireContext.create(WireContext.java:456)
14:28:37,051 ERROR [STDERR] 	at com.regaltec.bdf.rbpm.pvm.internal.wire.WireContext.create(WireContext.java:443)
14:28:37,051 ERROR [STDERR] 	at com.regaltec.bdf.rbpm.pvm.internal.wire.WireContext.get(WireContext.java:417)
14:28:37,051 ERROR [STDERR] 	at com.regaltec.bdf.rbpm.pvm.internal.wire.WireContext.get(WireContext.java:319)
14:28:37,051 ERROR [STDERR] 	at com.regaltec.bdf.rbpm.pvm.internal.wire.WireContext.get(WireContext.java:694)
14:28:37,051 ERROR [STDERR] 	at com.regaltec.bdf.rbpm.pvm.internal.env.BasicEnvironment.get(BasicEnvironment.java:118)
14:28:37,051 ERROR [STDERR] 	at com.regaltec.bdf.rbpm.pvm.internal.env.BasicEnvironment.get(BasicEnvironment.java:109)
14:28:37,051 ERROR [STDERR] 	at com.regaltec.bdf.rbpm.pvm.internal.cmd.StartProcessInstanceInLatestCmd.execute(StartProcessInstanceInLatestCmd.java:44)
14:28:37,051 ERROR [STDERR] 	at com.regaltec.bdf.rbpm.pvm.internal.cmd.StartProcessInstanceInLatestCmd.execute(StartProcessInstanceInLatestCmd.java:1)
14:28:37,051 ERROR [STDERR] 	at com.regaltec.bdf.rbpm.pvm.internal.svc.SyncCommandService.execute(SyncCommandService.java:26)
14:28:37,051 ERROR [STDERR] 	at com.regaltec.bdf.rbpm.pvm.internal.spring.CommandTransactionCallback.doInTransaction(CommandTransactionCallback.java:32)
14:28:37,051 ERROR [STDERR] 	at org.springframework.transaction.support.TransactionTemplate.execute(TransactionTemplate.java:130)
14:28:37,051 ERROR [STDERR] 	at com.regaltec.bdf.rbpm.pvm.internal.tx.SpringTransactionInterceptor.execute(SpringTransactionInterceptor.java:63)
14:28:37,051 ERROR [STDERR] 	at com.regaltec.bdf.rbpm.pvm.internal.svc.EnvironmentInterceptor.executeInNewEnvironment(EnvironmentInterceptor.java:37)
14:28:37,051 ERROR [STDERR] 	at com.regaltec.bdf.rbpm.pvm.internal.svc.EnvironmentInterceptor.execute(EnvironmentInterceptor.java:24)
14:28:37,051 ERROR [STDERR] 	at com.regaltec.bdf.rbpm.pvm.internal.svc.RetryInterceptor.execute(RetryInterceptor.java:40)
14:28:37,051 ERROR [STDERR] 	at com.regaltec.bdf.rbpm.pvm.internal.svc.ExecutionServiceImpl.startProcessInstanceByKey(ExecutionServiceImpl.java:58)
14:28:37,051 ERROR [STDERR] 	at com.regaltec.bdf.rbpm.clientService.impl.RbpmServiceImpl.startProcess(RbpmServiceImpl.java:183)
14:28:37,051 ERROR [STDERR] 	at com.regaltec.ida40.mp.bo.impl.AbstractFlowWorkBO.bindWorkFlow(AbstractFlowWorkBO.java:96)
14:28:37,051 ERROR [STDERR] 	at com.regaltec.ida40.mp.bo.impl.AbstractFlowOperateBO.accept(AbstractFlowOperateBO.java:690)
14:28:37,051 ERROR [STDERR] 	at com.regaltec.ida40.mp.bo.impl.MpFlowOperateBO.accept(MpFlowOperateBO.java:233)
14:28:37,051 ERROR [STDERR] 	at com.regaltec.ida40.mp.reg.RegMpBillInterfacesBO.dispatchBill(RegMpBillInterfacesBO.java:164)
14:28:37,051 ERROR [STDERR] 	at com.regaltec.ida40.reg.schedule.CreateRegBillThread.run(CreateRegBillThread.java:130)
14:28:37,051 ERROR [STDERR] Caused by: java.lang.ClassNotFoundException: No ClassLoaders found for: com.regaltec.bdf.rbpm.pvm.internal.repository.RepositorySessionImpl
14:28:37,051 ERROR [STDERR] 	at org.jboss.mx.loading.LoadMgr3.beginLoadTask(LoadMgr3.java:212)
14:28:37,051 ERROR [STDERR] 	at org.jboss.mx.loading.RepositoryClassLoader.loadClassImpl(RepositoryClassLoader.java:521)
14:28:37,051 ERROR [STDERR] 	at org.jboss.mx.loading.RepositoryClassLoader.loadClass(RepositoryClassLoader.java:415)
14:28:37,051 ERROR [STDERR] 	at java.lang.ClassLoader.loadClass(ClassLoader.java:248)
14:28:37,051 ERROR [STDERR] 	at java.lang.Class.forName0(Native Method)
14:28:37,051 ERROR [STDERR] 	at java.lang.Class.forName(Class.java:247)
14:28:37,051 ERROR [STDERR] 	at com.regaltec.bdf.rbpm.pvm.internal.wire.descriptor.ObjectDescriptor.construct(ObjectDescriptor.java:187)
14:28:37,051 ERROR [STDERR] 	... 24 more
14:28:37,098 ERROR [STDERR] com.regaltec.baf.framework.common.exception.BOException: com.regaltec.bdf.rbpm.clientService.RbpmServiceException: ; nested exception is: 
	com.regaltec.bdf.rbpm.pvm.internal.wire.BpmClassNotFoundException: couldn't load class com.regaltec.bdf.rbpm.pvm.internal.repository.RepositorySessionImpl
14:28:37,098 ERROR [STDERR] 	at com.regaltec.ida40.mp.bo.impl.AbstractFlowWorkBO.bindWorkFlow(AbstractFlowWorkBO.java:110)
14:28:37,098 ERROR [STDERR] 	at com.regaltec.ida40.mp.bo.impl.AbstractFlowOperateBO.accept(AbstractFlowOperateBO.java:690)
14:28:37,098 ERROR [STDERR] 	at com.regaltec.ida40.mp.bo.impl.MpFlowOperateBO.accept(MpFlowOperateBO.java:233)
14:28:37,098 ERROR [STDERR] 	at com.regaltec.ida40.mp.reg.RegMpBillInterfacesBO.dispatchBill(RegMpBillInterfacesBO.java:164)
14:28:37,098 ERROR [STDERR] 	at com.regaltec.ida40.reg.schedule.CreateRegBillThread.run(CreateRegBillThread.java:130)
14:28:37,098 ERROR [STDERR] 2013-12-27 14:28:37 com.regaltec.ida40.reg.schedule.CreateRegBillThread run
严重: 综合受理派单工单发生异常！工单号：20131227229191
com.regaltec.baf.framework.common.exception.BOException: com.regaltec.bdf.rbpm.clientService.RbpmServiceException: ; nested exception is: 
	com.regaltec.bdf.rbpm.pvm.internal.wire.BpmClassNotFoundException: couldn't load class com.regaltec.bdf.rbpm.pvm.internal.repository.RepositorySessionImpl
	at com.regaltec.ida40.mp.bo.impl.AbstractFlowWorkBO.bindWorkFlow(AbstractFlowWorkBO.java:110)
	at com.regaltec.ida40.mp.bo.impl.AbstractFlowOperateBO.accept(AbstractFlowOperateBO.java:690)
	at com.regaltec.ida40.mp.bo.impl.MpFlowOperateBO.accept(MpFlowOperateBO.java:233)
	at com.regaltec.ida40.mp.reg.RegMpBillInterfacesBO.dispatchBill(RegMpBillInterfacesBO.java:164)
	at com.regaltec.ida40.reg.schedule.CreateRegBillThread.run(CreateRegBillThread.java:130)
14:28:37,270 INFO  [STDOUT] 综合受理建单后台任务结束运行！耗时10875ms =========================
14:28:37,832 INFO  [TaskLog4j] -------------------在任务管理界面显示的任务数：74