03:16:24,334 INFO  [Server] Starting JBoss (MX MicroKernel)...
03:16:24,334 INFO  [Server] Release ID: JBoss [Trinity] 4.2.3.GA (build: SVNTag=JBoss_4_2_3_GA date=200807181417)
03:16:24,334 DEBUG [Server] Using config: org.jboss.system.server.ServerConfigImpl@ba6c83
03:16:24,334 DEBUG [Server] Server type: class org.jboss.system.server.ServerImpl
03:16:24,334 DEBUG [Server] Server loaded through: org.jboss.system.server.NoAnnotationURLClassLoader
03:16:24,334 DEBUG [Server] Boot URLs:
03:16:24,334 DEBUG [Server]   file:/D:/jboss-4.2.3.GA/lib/endorsed/serializer.jar
03:16:24,334 DEBUG [Server]   file:/D:/jboss-4.2.3.GA/lib/endorsed/xalan.jar
03:16:24,334 DEBUG [Server]   file:/D:/jboss-4.2.3.GA/lib/endorsed/xercesImpl.jar
03:16:24,334 DEBUG [Server]   file:/D:/jboss-4.2.3.GA/lib/jboss-jmx.jar
03:16:24,334 DEBUG [Server]   file:/D:/jboss-4.2.3.GA/lib/concurrent.jar
03:16:24,334 DEBUG [Server]   file:/D:/jboss-4.2.3.GA/lib/log4j-boot.jar
03:16:24,334 DEBUG [Server]   file:/D:/jboss-4.2.3.GA/lib/jboss-common.jar
03:16:24,334 DEBUG [Server]   file:/D:/jboss-4.2.3.GA/lib/jboss-system.jar
03:16:24,334 DEBUG [Server]   file:/D:/jboss-4.2.3.GA/lib/jboss-xml-binding.jar
03:16:24,334 INFO  [Server] Home Dir: D:\jboss-4.2.3.GA
03:16:24,334 INFO  [Server] Home URL: file:/D:/jboss-4.2.3.GA/
03:16:24,334 DEBUG [Server] Library URL: file:/D:/jboss-4.2.3.GA/lib/
03:16:24,334 INFO  [Server] Patch URL: null
03:16:24,334 INFO  [Server] Server Name: all
03:16:24,334 INFO  [Server] Server Home Dir: D:\jboss-4.2.3.GA\server\all
03:16:24,350 INFO  [Server] Server Home URL: file:/D:/jboss-4.2.3.GA/server/all/
03:16:24,350 INFO  [Server] Server Log Dir: D:\jboss-4.2.3.GA\server\all\log
03:16:24,350 DEBUG [Server] Server Data Dir: D:\jboss-4.2.3.GA\server\all\data
03:16:24,350 INFO  [Server] Server Temp Dir: D:\jboss-4.2.3.GA\server\all\tmp
03:16:24,350 DEBUG [Server] Server Config URL: file:/D:/jboss-4.2.3.GA/server/all/conf/
03:16:24,350 DEBUG [Server] Server Library URL: file:/D:/jboss-4.2.3.GA/server/all/lib/
03:16:24,350 INFO  [Server] Root Deployment Filename: jboss-service.xml
03:16:24,350 DEBUG [Server] Starting General Purpose Architecture (GPA)...
03:16:24,443 DEBUG [Server] Created MBeanServer: org.jboss.mx.server.MBeanServerImpl@27e353[ defaultDomain='jboss' ]
03:16:24,490 DEBUG [Server] Boot url list: [file:/D:/jboss-4.2.3.GA/server/all/conf/]
03:16:24,490 DEBUG [Server] Creating loader for URL: file:/D:/jboss-4.2.3.GA/server/all/conf/
03:16:24,490 DEBUG [RepositoryClassLoader] setRepository, repository=org.jboss.mx.loading.UnifiedLoaderRepository3@1db7df8, cl=org.jboss.mx.loading.UnifiedClassLoader3@12b3d53{ url=file:/D:/jboss-4.2.3.GA/server/all/conf/ ,addedOrder=0}
03:16:24,490 DEBUG [RepositoryClassLoader] setRepository, repository=org.jboss.mx.loading.UnifiedLoaderRepository3@1db7df8, cl=org.jboss.mx.loading.UnifiedClassLoader3@12b3d53{ url=file:/D:/jboss-4.2.3.GA/server/all/conf/ ,addedOrder=0}
03:16:24,490 DEBUG [UnifiedLoaderRepository3] Adding org.jboss.mx.loading.UnifiedClassLoader3@12b3d53{ url=file:/D:/jboss-4.2.3.GA/server/all/conf/ ,addedOrder=0}
03:16:24,662 DEBUG [Server] Failed to create xmbean for: org.jboss.system.server.ServerInfo
03:16:24,677 INFO  [ServerInfo] Java version: 1.5.0_07,Sun Microsystems Inc.
03:16:24,677 INFO  [ServerInfo] Java VM: Java HotSpot(TM) Server VM 1.5.0_07-b03,Sun Microsystems Inc.
03:16:24,677 INFO  [ServerInfo] OS-System: Windows NT (unknown) 6.1,x86
03:16:24,677 DEBUG [ServerInfo] Full System Properties Dump
03:16:24,677 DEBUG [ServerInfo]     java.vendor: Sun Microsystems Inc.
03:16:24,677 DEBUG [ServerInfo]     sun.management.compiler: HotSpot Server Compiler
03:16:24,677 DEBUG [ServerInfo]     os.name: Windows NT (unknown)
03:16:24,677 DEBUG [ServerInfo]     sun.boot.class.path: D:\jboss-4.2.3.GA\lib\endorsed\serializer.jar;D:\jboss-4.2.3.GA\lib\endorsed\xalan.jar;D:\jboss-4.2.3.GA\lib\endorsed\xercesImpl.jar;D:\jdk1.5.0_07\jre\lib\rt.jar;D:\jdk1.5.0_07\jre\lib\i18n.jar;D:\jdk1.5.0_07\jre\lib\sunrsasign.jar;D:\jdk1.5.0_07\jre\lib\jsse.jar;D:\jdk1.5.0_07\jre\lib\jce.jar;D:\jdk1.5.0_07\jre\lib\charsets.jar;D:\jdk1.5.0_07\jre\classes
03:16:24,677 DEBUG [ServerInfo]     sun.desktop: windows
03:16:24,677 DEBUG [ServerInfo]     java.vm.specification.vendor: Sun Microsystems Inc.
03:16:24,677 DEBUG [ServerInfo]     java.runtime.version: 1.5.0_07-b03
03:16:24,677 DEBUG [ServerInfo]     user.name: admin
03:16:24,677 DEBUG [ServerInfo]     jboss.bind.address: 0.0.0.0
03:16:24,677 DEBUG [ServerInfo]     jboss.home.dir: D:\jboss-4.2.3.GA
03:16:24,677 DEBUG [ServerInfo]     user.language: zh
03:16:24,677 DEBUG [ServerInfo]     sun.boot.library.path: D:\jdk1.5.0_07\jre\bin
03:16:24,677 DEBUG [ServerInfo]     jboss.home.url: file:/D:/jboss-4.2.3.GA/
03:16:24,693 DEBUG [ServerInfo]     java.version: 1.5.0_07
03:16:24,693 DEBUG [ServerInfo]     user.timezone: GMT
03:16:24,693 DEBUG [ServerInfo]     jboss.server.home.dir: D:\jboss-4.2.3.GA\server\all
03:16:24,693 DEBUG [ServerInfo]     jgroups.bind_addr: admin-PC
03:16:24,693 DEBUG [ServerInfo]     sun.arch.data.model: 32
03:16:24,693 DEBUG [ServerInfo]     java.endorsed.dirs: D:\jboss-4.2.3.GA\lib\endorsed
03:16:24,693 DEBUG [ServerInfo]     jboss.server.home.url: file:/D:/jboss-4.2.3.GA/server/all/
03:16:24,693 DEBUG [ServerInfo]     sun.cpu.isalist: pentium_pro+mmx pentium_pro pentium+mmx pentium i486 i386 i86
03:16:24,693 DEBUG [ServerInfo]     sun.jnu.encoding: GBK
03:16:24,693 DEBUG [ServerInfo]     file.encoding.pkg: sun.io
03:16:24,693 DEBUG [ServerInfo]     file.separator: \
03:16:24,693 DEBUG [ServerInfo]     java.specification.name: Java Platform API Specification
03:16:24,693 DEBUG [ServerInfo]     java.class.version: 49.0
03:16:24,693 DEBUG [ServerInfo]     jboss.server.config.url: file:/D:/jboss-4.2.3.GA/server/all/conf/
03:16:24,693 DEBUG [ServerInfo]     user.country: CN
03:16:24,693 DEBUG [ServerInfo]     java.home: D:\jdk1.5.0_07\jre
03:16:24,693 DEBUG [ServerInfo]     java.vm.info: mixed mode
03:16:24,693 DEBUG [ServerInfo]     jboss.lib.url: file:/D:/jboss-4.2.3.GA/lib/
03:16:24,693 DEBUG [ServerInfo]     bind.address: admin-PC
03:16:24,693 DEBUG [ServerInfo]     os.version: 6.1
03:16:24,693 DEBUG [ServerInfo]     path.separator: ;
03:16:24,693 DEBUG [ServerInfo]     java.vm.version: 1.5.0_07-b03
03:16:24,693 DEBUG [ServerInfo]     user.variant: 
03:16:24,693 DEBUG [ServerInfo]     java.protocol.handler.pkgs: org.jboss.net.protocol
03:16:24,693 DEBUG [ServerInfo]     java.awt.printerjob: sun.awt.windows.WPrinterJob
03:16:24,693 DEBUG [ServerInfo]     sun.io.unicode.encoding: UnicodeLittle
03:16:24,693 DEBUG [ServerInfo]     awt.toolkit: sun.awt.windows.WToolkit
03:16:24,693 DEBUG [ServerInfo]     jboss.server.temp.dir: D:\jboss-4.2.3.GA\server\all\tmp
03:16:24,693 DEBUG [ServerInfo]     sun.rmi.dgc.client.gcInterval: 3600000
03:16:24,693 DEBUG [ServerInfo]     user.home: C:\Users\admin
03:16:24,693 DEBUG [ServerInfo]     java.specification.vendor: Sun Microsystems Inc.
03:16:24,693 DEBUG [ServerInfo]     java.library.path: D:\jdk1.5.0_07\bin;.;C:\Windows\system32;C:\Windows;D:\oracle\product\10.2.0\client_1;D:\oracle\bin;D:\jdk1.5.0_07\bin;C:\Windows\system32;C:\Windows;C:\Windows\System32\Wbem;C:\Windows\System32\WindowsPowerShell\v1.0\;C:\Program Files\Common Files\Thunder Network\KanKan\Codecs;C:\Program Files\TortoiseSVN\bin
03:16:24,693 DEBUG [ServerInfo]     java.vendor.url: http://java.sun.com/
03:16:24,693 DEBUG [ServerInfo]     program.name: run.bat
03:16:24,693 DEBUG [ServerInfo]     java.vm.vendor: Sun Microsystems Inc.
03:16:24,693 DEBUG [ServerInfo]     sun.rmi.dgc.server.gcInterval: 3600000
03:16:24,693 DEBUG [ServerInfo]     java.runtime.name: Java(TM) 2 Runtime Environment, Standard Edition
03:16:24,693 DEBUG [ServerInfo]     java.class.path: D:\jdk1.5.0_07\lib\tools.jar;D:\jboss-4.2.3.GA\bin\run.jar
03:16:24,693 DEBUG [ServerInfo]     jboss.server.log.dir: D:\jboss-4.2.3.GA\server\all\log
03:16:24,693 DEBUG [ServerInfo]     jbossmx.loader.repository.class: org.jboss.mx.loading.UnifiedLoaderRepository3
03:16:24,693 DEBUG [ServerInfo]     java.vm.specification.name: Java Virtual Machine Specification
03:16:24,693 DEBUG [ServerInfo]     java.vm.specification.version: 1.0
03:16:24,693 DEBUG [ServerInfo]     sun.cpu.endian: little
03:16:24,693 DEBUG [ServerInfo]     sun.os.patch.level: 
03:16:24,693 DEBUG [ServerInfo]     jboss.server.lib.url: file:/D:/jboss-4.2.3.GA/server/all/lib/
03:16:24,693 DEBUG [ServerInfo]     java.io.tmpdir: C:\Users\admin\AppData\Local\Temp\
03:16:24,693 DEBUG [ServerInfo]     java.vendor.url.bug: http://java.sun.com/cgi-bin/bugreport.cgi
03:16:24,693 DEBUG [ServerInfo]     jboss.server.data.dir: D:\jboss-4.2.3.GA\server\all\data
03:16:24,693 DEBUG [ServerInfo]     java.rmi.server.hostname: admin-PC
03:16:24,693 DEBUG [ServerInfo]     os.arch: x86
03:16:24,693 DEBUG [ServerInfo]     java.awt.graphicsenv: sun.awt.Win32GraphicsEnvironment
03:16:24,693 DEBUG [ServerInfo]     java.ext.dirs: D:\jdk1.5.0_07\jre\lib\ext
03:16:24,693 DEBUG [ServerInfo]     user.dir: D:\jboss-4.2.3.GA\bin
03:16:24,693 DEBUG [ServerInfo]     line.separator: 

03:16:24,693 DEBUG [ServerInfo]     java.vm.name: Java HotSpot(TM) Server VM
03:16:24,693 DEBUG [ServerInfo]     jboss.server.base.dir: D:\jboss-4.2.3.GA\server
03:16:24,693 DEBUG [ServerInfo]     jboss.server.base.url: file:/D:/jboss-4.2.3.GA/server/
03:16:24,693 DEBUG [ServerInfo]     javax.management.builder.initial: org.jboss.mx.server.MBeanServerBuilderImpl
03:16:24,693 DEBUG [ServerInfo]     file.encoding: GBK
03:16:24,693 DEBUG [ServerInfo]     java.specification.version: 1.5
03:16:24,693 DEBUG [ServerInfo]     jboss.server.name: all
03:16:24,693 DEBUG [Server] Created system MBean: jboss.system:type=ServerInfo
03:16:24,708 DEBUG [Server] Failed to create xmbean for: org.jboss.system.ServiceController
03:16:24,724 DEBUG [ServiceController] Controller MBean online
03:16:24,724 DEBUG [Server] Created system MBean: jboss.system:service=ServiceController
03:16:24,818 DEBUG [Server] Created system XMBean: jboss.system:service=MainDeployer
03:16:24,818 DEBUG [ServiceController] Creating service jboss.system:service=MainDeployer
03:16:24,833 DEBUG [MainDeployer] Creating jboss.system:service=MainDeployer
03:16:24,849 DEBUG [Files] Failed to delete dir: D:\jboss-4.2.3.GA\server\all\tmp\deploy
03:16:24,849 DEBUG [MainDeployer] Created jboss.system:service=MainDeployer
03:16:24,849 DEBUG [ServiceController] Creating dependent components for: jboss.system:service=MainDeployer dependents are: []
03:16:24,849 DEBUG [ServiceController] starting service jboss.system:service=MainDeployer
03:16:24,849 DEBUG [MainDeployer] Starting jboss.system:service=MainDeployer
03:16:24,849 DEBUG [MainDeployer] Started jboss.system:service=MainDeployer
03:16:24,849 DEBUG [ServiceController] Starting dependent components for: jboss.system:service=MainDeployer dependent components: []
03:16:24,849 DEBUG [Server] Shutdown hook added
03:16:24,942 DEBUG [Server] Created system XMBean: jboss.system:service=JARDeployer
03:16:24,942 DEBUG [ServiceController] Creating service jboss.system:service=JARDeployer
03:16:24,942 DEBUG [JARDeployer] Creating jboss.system:service=JARDeployer
03:16:24,958 DEBUG [JARDeployer] Created jboss.system:service=JARDeployer
03:16:24,958 DEBUG [ServiceController] Creating dependent components for: jboss.system:service=JARDeployer dependents are: []
03:16:24,958 DEBUG [ServiceController] starting service jboss.system:service=JARDeployer
03:16:24,958 DEBUG [JARDeployer] Starting jboss.system:service=JARDeployer
03:16:24,958 DEBUG [MainDeployer] Adding deployer: org.jboss.deployment.JARDeployer@13f7281
03:16:24,958 DEBUG [SuffixOrderHelper] Static suffix exists; ignoring request for adding enhanced suffix: 700:.jar
03:16:24,958 DEBUG [JARDeployer] Started jboss.system:service=JARDeployer
03:16:24,958 DEBUG [ServiceController] Starting dependent components for: jboss.system:service=JARDeployer dependent components: []
03:16:25,020 DEBUG [Server] Created system XMBean: jboss.system:service=ServiceDeployer
03:16:25,020 DEBUG [ServiceController] Creating service jboss.system:service=ServiceDeployer
03:16:25,020 DEBUG [SARDeployer] Creating jboss.system:service=ServiceDeployer
03:16:25,036 DEBUG [SARDeployer] Created jboss.system:service=ServiceDeployer
03:16:25,036 DEBUG [ServiceController] Creating dependent components for: jboss.system:service=ServiceDeployer dependents are: []
03:16:25,036 DEBUG [ServiceController] starting service jboss.system:service=ServiceDeployer
03:16:25,036 DEBUG [SARDeployer] Starting jboss.system:service=ServiceDeployer
03:16:25,036 DEBUG [MainDeployer] Adding deployer: org.jboss.deployment.SARDeployer@153c375
03:16:25,052 DEBUG [SARDeployer] Started jboss.system:service=ServiceDeployer
03:16:25,052 DEBUG [ServiceController] Starting dependent components for: jboss.system:service=ServiceDeployer dependent components: []
03:16:25,052 INFO  [Server] Core system initialized
03:16:25,067 DEBUG [MainDeployer] Starting deployment of package: file:/D:/jboss-4.2.3.GA/server/all/conf/jboss-service.xml
03:16:25,067 DEBUG [MainDeployer] Starting deployment (init step) of package at: file:/D:/jboss-4.2.3.GA/server/all/conf/jboss-service.xml
03:16:25,083 DEBUG [MainDeployer] Copying file:/D:/jboss-4.2.3.GA/server/all/conf/jboss-service.xml -> D:\jboss-4.2.3.GA\server\all\tmp\deploy\tmp22799jboss-service.xml
03:16:25,114 DEBUG [MainDeployer] using deployer org.jboss.deployment.SARDeployer@153c375
03:16:25,161 DEBUG [SARDeployer] Found classpath element: [classpath: null]
03:16:25,161 DEBUG [SARDeployer] codebase URL is file:/D:/jboss-4.2.3.GA/server/all/lib/
03:16:25,161 DEBUG [SARDeployer] listing codebase for archives matching *
03:16:25,161 DEBUG [SARDeployer] URLLister class is org.jboss.net.protocol.file.FileURLLister
03:16:25,161 DEBUG [SARDeployer] deployed classes for file:/D:/jboss-4.2.3.GA/server/all/lib/activation.jar
03:16:25,161 DEBUG [SARDeployer] deployed classes for file:/D:/jboss-4.2.3.GA/server/all/lib/antlr.jar
03:16:25,161 DEBUG [SARDeployer] deployed classes for file:/D:/jboss-4.2.3.GA/server/all/lib/autonumber-plugin.jar
03:16:25,161 DEBUG [SARDeployer] deployed classes for file:/D:/jboss-4.2.3.GA/server/all/lib/avalon-framework.jar
03:16:25,161 DEBUG [SARDeployer] deployed classes for file:/D:/jboss-4.2.3.GA/server/all/lib/bcel.jar
03:16:25,161 DEBUG [SARDeployer] deployed classes for file:/D:/jboss-4.2.3.GA/server/all/lib/bindingservice-plugin.jar
03:16:25,161 DEBUG [SARDeployer] deployed classes for file:/D:/jboss-4.2.3.GA/server/all/lib/bsf.jar
03:16:25,161 DEBUG [SARDeployer] deployed classes for file:/D:/jboss-4.2.3.GA/server/all/lib/bsh-deployer.jar
03:16:25,161 DEBUG [SARDeployer] deployed classes for file:/D:/jboss-4.2.3.GA/server/all/lib/bsh.jar
03:16:25,161 DEBUG [SARDeployer] deployed classes for file:/D:/jboss-4.2.3.GA/server/all/lib/cglib.jar
03:16:25,161 DEBUG [SARDeployer] deployed classes for file:/D:/jboss-4.2.3.GA/server/all/lib/commons-codec.jar
03:16:25,161 DEBUG [SARDeployer] deployed classes for file:/D:/jboss-4.2.3.GA/server/all/lib/commons-collections.jar
03:16:25,161 DEBUG [SARDeployer] deployed classes for file:/D:/jboss-4.2.3.GA/server/all/lib/commons-httpclient.jar
03:16:25,161 DEBUG [SARDeployer] deployed classes for file:/D:/jboss-4.2.3.GA/server/all/lib/commons-logging.jar
03:16:25,161 DEBUG [SARDeployer] deployed classes for file:/D:/jboss-4.2.3.GA/server/all/lib/dom4j.jar
03:16:25,161 DEBUG [SARDeployer] deployed classes for file:/D:/jboss-4.2.3.GA/server/all/lib/ejb3-persistence.jar
03:16:25,161 DEBUG [SARDeployer] deployed classes for file:/D:/jboss-4.2.3.GA/server/all/lib/el-api.jar
03:16:25,161 DEBUG [SARDeployer] deployed classes for file:/D:/jboss-4.2.3.GA/server/all/lib/hibernate-annotations.jar
03:16:25,161 DEBUG [SARDeployer] deployed classes for file:/D:/jboss-4.2.3.GA/server/all/lib/hibernate-entitymanager.jar
03:16:25,161 DEBUG [SARDeployer] deployed classes for file:/D:/jboss-4.2.3.GA/server/all/lib/hibernate3.jar
03:16:25,161 DEBUG [SARDeployer] deployed classes for file:/D:/jboss-4.2.3.GA/server/all/lib/hsqldb-plugin.jar
03:16:25,161 DEBUG [SARDeployer] deployed classes for file:/D:/jboss-4.2.3.GA/server/all/lib/hsqldb.jar
03:16:25,161 DEBUG [SARDeployer] deployed classes for file:/D:/jboss-4.2.3.GA/server/all/lib/jacorb.jar
03:16:25,161 DEBUG [SARDeployer] deployed classes for file:/D:/jboss-4.2.3.GA/server/all/lib/javassist.jar
03:16:25,161 DEBUG [SARDeployer] deployed classes for file:/D:/jboss-4.2.3.GA/server/all/lib/jaxen.jar
03:16:25,161 DEBUG [SARDeployer] deployed classes for file:/D:/jboss-4.2.3.GA/server/all/lib/jboss-cache-jdk50.jar
03:16:25,161 DEBUG [SARDeployer] deployed classes for file:/D:/jboss-4.2.3.GA/server/all/lib/jboss-common-jdbc-wrapper.jar
03:16:25,161 DEBUG [SARDeployer] deployed classes for file:/D:/jboss-4.2.3.GA/server/all/lib/jboss-ejb3x.jar
03:16:25,161 DEBUG [SARDeployer] deployed classes for file:/D:/jboss-4.2.3.GA/server/all/lib/jboss-hibernate.jar
03:16:25,161 DEBUG [SARDeployer] deployed classes for file:/D:/jboss-4.2.3.GA/server/all/lib/jboss-iiop.jar
03:16:25,161 DEBUG [SARDeployer] deployed classes for file:/D:/jboss-4.2.3.GA/server/all/lib/jboss-j2ee.jar
03:16:25,161 DEBUG [SARDeployer] deployed classes for file:/D:/jboss-4.2.3.GA/server/all/lib/jboss-jaxrpc.jar
03:16:25,161 DEBUG [SARDeployer] deployed classes for file:/D:/jboss-4.2.3.GA/server/all/lib/jboss-jaxws-ext.jar
03:16:25,176 DEBUG [SARDeployer] deployed classes for file:/D:/jboss-4.2.3.GA/server/all/lib/jboss-jaxws.jar
03:16:25,176 DEBUG [SARDeployer] deployed classes for file:/D:/jboss-4.2.3.GA/server/all/lib/jboss-jca.jar
03:16:25,176 DEBUG [SARDeployer] deployed classes for file:/D:/jboss-4.2.3.GA/server/all/lib/jboss-jsr77.jar
03:16:25,176 DEBUG [SARDeployer] deployed classes for file:/D:/jboss-4.2.3.GA/server/all/lib/jboss-jsr88.jar
03:16:25,176 DEBUG [SARDeployer] deployed classes for file:/D:/jboss-4.2.3.GA/server/all/lib/jboss-management.jar
03:16:25,176 DEBUG [SARDeployer] deployed classes for file:/D:/jboss-4.2.3.GA/server/all/lib/jboss-monitoring.jar
03:16:25,176 DEBUG [SARDeployer] deployed classes for file:/D:/jboss-4.2.3.GA/server/all/lib/jboss-remoting-int.jar
03:16:25,176 DEBUG [SARDeployer] deployed classes for file:/D:/jboss-4.2.3.GA/server/all/lib/jboss-remoting.jar
03:16:25,176 DEBUG [SARDeployer] deployed classes for file:/D:/jboss-4.2.3.GA/server/all/lib/jboss-saaj.jar
03:16:25,176 DEBUG [SARDeployer] deployed classes for file:/D:/jboss-4.2.3.GA/server/all/lib/jboss-serialization.jar
03:16:25,176 DEBUG [SARDeployer] deployed classes for file:/D:/jboss-4.2.3.GA/server/all/lib/jboss-srp.jar
03:16:25,176 DEBUG [SARDeployer] deployed classes for file:/D:/jboss-4.2.3.GA/server/all/lib/jboss-transaction.jar
03:16:25,176 DEBUG [SARDeployer] deployed classes for file:/D:/jboss-4.2.3.GA/server/all/lib/jboss-vfs.jar
03:16:25,176 DEBUG [SARDeployer] deployed classes for file:/D:/jboss-4.2.3.GA/server/all/lib/jboss.jar
03:16:25,176 DEBUG [SARDeployer] deployed classes for file:/D:/jboss-4.2.3.GA/server/all/lib/jbossha.jar
03:16:25,176 DEBUG [SARDeployer] deployed classes for file:/D:/jboss-4.2.3.GA/server/all/lib/jbossjta-integration.jar
03:16:25,176 DEBUG [SARDeployer] deployed classes for file:/D:/jboss-4.2.3.GA/server/all/lib/jbossjta.jar
03:16:25,176 DEBUG [SARDeployer] deployed classes for file:/D:/jboss-4.2.3.GA/server/all/lib/jbossmq.jar
03:16:25,176 DEBUG [SARDeployer] deployed classes for file:/D:/jboss-4.2.3.GA/server/all/lib/jbosssx.jar
03:16:25,176 DEBUG [SARDeployer] deployed classes for file:/D:/jboss-4.2.3.GA/server/all/lib/jbossts-common.jar
03:16:25,176 DEBUG [SARDeployer] deployed classes for file:/D:/jboss-4.2.3.GA/server/all/lib/jbossws-common.jar
03:16:25,176 DEBUG [SARDeployer] deployed classes for file:/D:/jboss-4.2.3.GA/server/all/lib/jbossws-framework.jar
03:16:25,176 DEBUG [SARDeployer] deployed classes for file:/D:/jboss-4.2.3.GA/server/all/lib/jbossws-jboss42.jar
03:16:25,176 DEBUG [SARDeployer] deployed classes for file:/D:/jboss-4.2.3.GA/server/all/lib/jbossws-spi.jar
03:16:25,176 DEBUG [SARDeployer] deployed classes for file:/D:/jboss-4.2.3.GA/server/all/lib/jgroups.jar
03:16:25,176 DEBUG [SARDeployer] deployed classes for file:/D:/jboss-4.2.3.GA/server/all/lib/jmx-adaptor-plugin.jar
03:16:25,176 DEBUG [SARDeployer] deployed classes for file:/D:/jboss-4.2.3.GA/server/all/lib/jnpserver.jar
03:16:25,176 DEBUG [SARDeployer] deployed classes for file:/D:/jboss-4.2.3.GA/server/all/lib/joesnmp.jar
03:16:25,176 DEBUG [SARDeployer] deployed classes for file:/D:/jboss-4.2.3.GA/server/all/lib/jsp-api.jar
03:16:25,176 DEBUG [SARDeployer] deployed classes for file:/D:/jboss-4.2.3.GA/server/all/lib/log4j-snmp-appender.jar
03:16:25,176 DEBUG [SARDeployer] deployed classes for file:/D:/jboss-4.2.3.GA/server/all/lib/log4j.jar
03:16:25,176 DEBUG [SARDeployer] deployed classes for file:/D:/jboss-4.2.3.GA/server/all/lib/mail-plugin.jar
03:16:25,176 DEBUG [SARDeployer] deployed classes for file:/D:/jboss-4.2.3.GA/server/all/lib/mail.jar
03:16:25,176 DEBUG [SARDeployer] deployed classes for file:/D:/jboss-4.2.3.GA/server/all/lib/ojdbc5.jar
03:16:25,176 DEBUG [SARDeployer] deployed classes for file:/D:/jboss-4.2.3.GA/server/all/lib/properties-plugin.jar
03:16:25,176 DEBUG [SARDeployer] deployed classes for file:/D:/jboss-4.2.3.GA/server/all/lib/quartz.jar
03:16:25,176 DEBUG [SARDeployer] deployed classes for file:/D:/jboss-4.2.3.GA/server/all/lib/scheduler-plugin-example.jar
03:16:25,176 DEBUG [SARDeployer] deployed classes for file:/D:/jboss-4.2.3.GA/server/all/lib/scheduler-plugin.jar
03:16:25,176 DEBUG [SARDeployer] deployed classes for file:/D:/jboss-4.2.3.GA/server/all/lib/servlet-api.jar
03:16:25,176 DEBUG [SARDeployer] deployed classes for file:/D:/jboss-4.2.3.GA/server/all/lib/xmlentitymgr.jar
03:16:25,176 DEBUG [SARDeployer] about to copy 0 local directories
03:16:25,176 DEBUG [SARDeployer] looking for nested deployments in : file:/D:/jboss-4.2.3.GA/server/all/conf/jboss-service.xml
03:16:25,176 DEBUG [DeploymentInfo] createLoaderRepository from config: LoaderRepositoryConfig(repositoryName: JMImplementation:service=LoaderRepository,name=Default, repositoryClassName: null, configParserClassName: null, repositoryConfig: null)
03:16:25,176 DEBUG [RepositoryClassLoader] setRepository, repository=org.jboss.mx.loading.UnifiedLoaderRepository3@1db7df8, cl=org.jboss.mx.loading.UnifiedClassLoader3@1f4cbee{ url=null ,addedOrder=0}
03:16:25,176 DEBUG [RepositoryClassLoader] setRepository, repository=org.jboss.mx.loading.UnifiedLoaderRepository3@1db7df8, cl=org.jboss.mx.loading.UnifiedClassLoader3@1f4cbee{ url=null ,addedOrder=0}
03:16:25,176 DEBUG [UnifiedLoaderRepository3] Adding org.jboss.mx.loading.UnifiedClassLoader3@1f4cbee{ url=null ,addedOrder=0}
03:16:25,192 DEBUG [RepositoryClassLoader] Added url: file:/D:/jboss-4.2.3.GA/server/all/lib/activation.jar, to ucl: org.jboss.mx.loading.UnifiedClassLoader3@1f4cbee{ url=null ,addedOrder=2}
03:16:25,239 DEBUG [RepositoryClassLoader] Added url: file:/D:/jboss-4.2.3.GA/server/all/lib/antlr.jar, to ucl: org.jboss.mx.loading.UnifiedClassLoader3@1f4cbee{ url=null ,addedOrder=2}
03:16:25,254 DEBUG [RepositoryClassLoader] Added url: file:/D:/jboss-4.2.3.GA/server/all/lib/autonumber-plugin.jar, to ucl: org.jboss.mx.loading.UnifiedClassLoader3@1f4cbee{ url=null ,addedOrder=2}
03:16:25,270 DEBUG [RepositoryClassLoader] Added url: file:/D:/jboss-4.2.3.GA/server/all/lib/avalon-framework.jar, to ucl: org.jboss.mx.loading.UnifiedClassLoader3@1f4cbee{ url=null ,addedOrder=2}
03:16:25,317 DEBUG [RepositoryClassLoader] Added url: file:/D:/jboss-4.2.3.GA/server/all/lib/bcel.jar, to ucl: org.jboss.mx.loading.UnifiedClassLoader3@1f4cbee{ url=null ,addedOrder=2}
03:16:25,332 DEBUG [RepositoryClassLoader] Added url: file:/D:/jboss-4.2.3.GA/server/all/lib/bindingservice-plugin.jar, to ucl: org.jboss.mx.loading.UnifiedClassLoader3@1f4cbee{ url=null ,addedOrder=2}
03:16:25,364 DEBUG [RepositoryClassLoader] Added url: file:/D:/jboss-4.2.3.GA/server/all/lib/bsf.jar, to ucl: org.jboss.mx.loading.UnifiedClassLoader3@1f4cbee{ url=null ,addedOrder=2}
03:16:25,395 DEBUG [RepositoryClassLoader] Added url: file:/D:/jboss-4.2.3.GA/server/all/lib/bsh-deployer.jar, to ucl: org.jboss.mx.loading.UnifiedClassLoader3@1f4cbee{ url=null ,addedOrder=2}
03:16:25,442 DEBUG [RepositoryClassLoader] Added url: file:/D:/jboss-4.2.3.GA/server/all/lib/bsh.jar, to ucl: org.jboss.mx.loading.UnifiedClassLoader3@1f4cbee{ url=null ,addedOrder=2}
03:16:25,442 DEBUG [ClassLoaderUtils] Multiple class loaders found for pkg: 
03:16:25,473 DEBUG [RepositoryClassLoader] Added url: file:/D:/jboss-4.2.3.GA/server/all/lib/cglib.jar, to ucl: org.jboss.mx.loading.UnifiedClassLoader3@1f4cbee{ url=null ,addedOrder=2}
03:16:25,488 DEBUG [RepositoryClassLoader] Added url: file:/D:/jboss-4.2.3.GA/server/all/lib/commons-codec.jar, to ucl: org.jboss.mx.loading.UnifiedClassLoader3@1f4cbee{ url=null ,addedOrder=2}
03:16:25,551 DEBUG [RepositoryClassLoader] Added url: file:/D:/jboss-4.2.3.GA/server/all/lib/commons-collections.jar, to ucl: org.jboss.mx.loading.UnifiedClassLoader3@1f4cbee{ url=null ,addedOrder=2}
03:16:25,582 DEBUG [RepositoryClassLoader] Added url: file:/D:/jboss-4.2.3.GA/server/all/lib/commons-httpclient.jar, to ucl: org.jboss.mx.loading.UnifiedClassLoader3@1f4cbee{ url=null ,addedOrder=2}
03:16:25,598 DEBUG [RepositoryClassLoader] Added url: file:/D:/jboss-4.2.3.GA/server/all/lib/commons-logging.jar, to ucl: org.jboss.mx.loading.UnifiedClassLoader3@1f4cbee{ url=null ,addedOrder=2}
03:16:25,629 DEBUG [RepositoryClassLoader] Added url: file:/D:/jboss-4.2.3.GA/server/all/lib/dom4j.jar, to ucl: org.jboss.mx.loading.UnifiedClassLoader3@1f4cbee{ url=null ,addedOrder=2}
03:16:25,660 DEBUG [RepositoryClassLoader] Added url: file:/D:/jboss-4.2.3.GA/server/all/lib/ejb3-persistence.jar, to ucl: org.jboss.mx.loading.UnifiedClassLoader3@1f4cbee{ url=null ,addedOrder=2}
03:16:25,676 DEBUG [RepositoryClassLoader] Added url: file:/D:/jboss-4.2.3.GA/server/all/lib/el-api.jar, to ucl: org.jboss.mx.loading.UnifiedClassLoader3@1f4cbee{ url=null ,addedOrder=2}
03:16:25,722 DEBUG [RepositoryClassLoader] Added url: file:/D:/jboss-4.2.3.GA/server/all/lib/hibernate-annotations.jar, to ucl: org.jboss.mx.loading.UnifiedClassLoader3@1f4cbee{ url=null ,addedOrder=2}
03:16:25,754 DEBUG [RepositoryClassLoader] Added url: file:/D:/jboss-4.2.3.GA/server/all/lib/hibernate-entitymanager.jar, to ucl: org.jboss.mx.loading.UnifiedClassLoader3@1f4cbee{ url=null ,addedOrder=2}
03:16:25,910 DEBUG [RepositoryClassLoader] Added url: file:/D:/jboss-4.2.3.GA/server/all/lib/hibernate3.jar, to ucl: org.jboss.mx.loading.UnifiedClassLoader3@1f4cbee{ url=null ,addedOrder=2}
03:16:25,925 DEBUG [RepositoryClassLoader] Added url: file:/D:/jboss-4.2.3.GA/server/all/lib/hsqldb-plugin.jar, to ucl: org.jboss.mx.loading.UnifiedClassLoader3@1f4cbee{ url=null ,addedOrder=2}
03:16:25,972 DEBUG [RepositoryClassLoader] Added url: file:/D:/jboss-4.2.3.GA/server/all/lib/hsqldb.jar, to ucl: org.jboss.mx.loading.UnifiedClassLoader3@1f4cbee{ url=null ,addedOrder=2}
03:16:26,300 DEBUG [RepositoryClassLoader] Added url: file:/D:/jboss-4.2.3.GA/server/all/lib/jacorb.jar, to ucl: org.jboss.mx.loading.UnifiedClassLoader3@1f4cbee{ url=null ,addedOrder=2}
03:16:26,362 DEBUG [RepositoryClassLoader] Added url: file:/D:/jboss-4.2.3.GA/server/all/lib/javassist.jar, to ucl: org.jboss.mx.loading.UnifiedClassLoader3@1f4cbee{ url=null ,addedOrder=2}
03:16:26,378 DEBUG [RepositoryClassLoader] Added url: file:/D:/jboss-4.2.3.GA/server/all/lib/jaxen.jar, to ucl: org.jboss.mx.loading.UnifiedClassLoader3@1f4cbee{ url=null ,addedOrder=2}
03:16:26,440 DEBUG [RepositoryClassLoader] Added url: file:/D:/jboss-4.2.3.GA/server/all/lib/jboss-cache-jdk50.jar, to ucl: org.jboss.mx.loading.UnifiedClassLoader3@1f4cbee{ url=null ,addedOrder=2}
03:16:26,456 DEBUG [RepositoryClassLoader] Added url: file:/D:/jboss-4.2.3.GA/server/all/lib/jboss-common-jdbc-wrapper.jar, to ucl: org.jboss.mx.loading.UnifiedClassLoader3@1f4cbee{ url=null ,addedOrder=2}
03:16:26,456 DEBUG [RepositoryClassLoader] Added url: file:/D:/jboss-4.2.3.GA/server/all/lib/jboss-ejb3x.jar, to ucl: org.jboss.mx.loading.UnifiedClassLoader3@1f4cbee{ url=null ,addedOrder=2}
03:16:26,471 DEBUG [RepositoryClassLoader] Added url: file:/D:/jboss-4.2.3.GA/server/all/lib/jboss-hibernate.jar, to ucl: org.jboss.mx.loading.UnifiedClassLoader3@1f4cbee{ url=null ,addedOrder=2}
03:16:26,502 DEBUG [RepositoryClassLoader] Added url: file:/D:/jboss-4.2.3.GA/server/all/lib/jboss-iiop.jar, to ucl: org.jboss.mx.loading.UnifiedClassLoader3@1f4cbee{ url=null ,addedOrder=2}
03:16:26,549 DEBUG [RepositoryClassLoader] Added url: file:/D:/jboss-4.2.3.GA/server/all/lib/jboss-j2ee.jar, to ucl: org.jboss.mx.loading.UnifiedClassLoader3@1f4cbee{ url=null ,addedOrder=2}
03:16:26,565 DEBUG [RepositoryClassLoader] Added url: file:/D:/jboss-4.2.3.GA/server/all/lib/jboss-jaxrpc.jar, to ucl: org.jboss.mx.loading.UnifiedClassLoader3@1f4cbee{ url=null ,addedOrder=2}
03:16:26,580 DEBUG [RepositoryClassLoader] Added url: file:/D:/jboss-4.2.3.GA/server/all/lib/jboss-jaxws-ext.jar, to ucl: org.jboss.mx.loading.UnifiedClassLoader3@1f4cbee{ url=null ,addedOrder=2}
03:16:26,596 DEBUG [RepositoryClassLoader] Added url: file:/D:/jboss-4.2.3.GA/server/all/lib/jboss-jaxws.jar, to ucl: org.jboss.mx.loading.UnifiedClassLoader3@1f4cbee{ url=null ,addedOrder=2}
03:16:26,627 DEBUG [RepositoryClassLoader] Added url: file:/D:/jboss-4.2.3.GA/server/all/lib/jboss-jca.jar, to ucl: org.jboss.mx.loading.UnifiedClassLoader3@1f4cbee{ url=null ,addedOrder=2}
03:16:26,627 DEBUG [RepositoryClassLoader] Added url: file:/D:/jboss-4.2.3.GA/server/all/lib/jboss-jsr77.jar, to ucl: org.jboss.mx.loading.UnifiedClassLoader3@1f4cbee{ url=null ,addedOrder=2}
03:16:26,643 DEBUG [RepositoryClassLoader] Added url: file:/D:/jboss-4.2.3.GA/server/all/lib/jboss-jsr88.jar, to ucl: org.jboss.mx.loading.UnifiedClassLoader3@1f4cbee{ url=null ,addedOrder=2}
03:16:26,658 DEBUG [RepositoryClassLoader] Added url: file:/D:/jboss-4.2.3.GA/server/all/lib/jboss-management.jar, to ucl: org.jboss.mx.loading.UnifiedClassLoader3@1f4cbee{ url=null ,addedOrder=2}
03:16:26,674 DEBUG [RepositoryClassLoader] Added url: file:/D:/jboss-4.2.3.GA/server/all/lib/jboss-monitoring.jar, to ucl: org.jboss.mx.loading.UnifiedClassLoader3@1f4cbee{ url=null ,addedOrder=2}
03:16:26,705 DEBUG [RepositoryClassLoader] Added url: file:/D:/jboss-4.2.3.GA/server/all/lib/jboss-remoting-int.jar, to ucl: org.jboss.mx.loading.UnifiedClassLoader3@1f4cbee{ url=null ,addedOrder=2}
03:16:26,768 DEBUG [RepositoryClassLoader] Added url: file:/D:/jboss-4.2.3.GA/server/all/lib/jboss-remoting.jar, to ucl: org.jboss.mx.loading.UnifiedClassLoader3@1f4cbee{ url=null ,addedOrder=2}
03:16:26,768 DEBUG [RepositoryClassLoader] Added url: file:/D:/jboss-4.2.3.GA/server/all/lib/jboss-saaj.jar, to ucl: org.jboss.mx.loading.UnifiedClassLoader3@1f4cbee{ url=null ,addedOrder=2}
03:16:26,799 DEBUG [RepositoryClassLoader] Added url: file:/D:/jboss-4.2.3.GA/server/all/lib/jboss-serialization.jar, to ucl: org.jboss.mx.loading.UnifiedClassLoader3@1f4cbee{ url=null ,addedOrder=2}
03:16:26,814 DEBUG [RepositoryClassLoader] Added url: file:/D:/jboss-4.2.3.GA/server/all/lib/jboss-srp.jar, to ucl: org.jboss.mx.loading.UnifiedClassLoader3@1f4cbee{ url=null ,addedOrder=2}
03:16:26,830 DEBUG [RepositoryClassLoader] Added url: file:/D:/jboss-4.2.3.GA/server/all/lib/jboss-transaction.jar, to ucl: org.jboss.mx.loading.UnifiedClassLoader3@1f4cbee{ url=null ,addedOrder=2}
03:16:26,846 DEBUG [RepositoryClassLoader] Added url: file:/D:/jboss-4.2.3.GA/server/all/lib/jboss-vfs.jar, to ucl: org.jboss.mx.loading.UnifiedClassLoader3@1f4cbee{ url=null ,addedOrder=2}
03:16:26,986 DEBUG [RepositoryClassLoader] Added url: file:/D:/jboss-4.2.3.GA/server/all/lib/jboss.jar, to ucl: org.jboss.mx.loading.UnifiedClassLoader3@1f4cbee{ url=null ,addedOrder=2}
03:16:27,017 DEBUG [RepositoryClassLoader] Added url: file:/D:/jboss-4.2.3.GA/server/all/lib/jbossha.jar, to ucl: org.jboss.mx.loading.UnifiedClassLoader3@1f4cbee{ url=null ,addedOrder=2}
03:16:27,033 DEBUG [RepositoryClassLoader] Added url: file:/D:/jboss-4.2.3.GA/server/all/lib/jbossjta-integration.jar, to ucl: org.jboss.mx.loading.UnifiedClassLoader3@1f4cbee{ url=null ,addedOrder=2}
03:16:27,080 DEBUG [RepositoryClassLoader] Added url: file:/D:/jboss-4.2.3.GA/server/all/lib/jbossjta.jar, to ucl: org.jboss.mx.loading.UnifiedClassLoader3@1f4cbee{ url=null ,addedOrder=2}
03:16:27,126 DEBUG [RepositoryClassLoader] Added url: file:/D:/jboss-4.2.3.GA/server/all/lib/jbossmq.jar, to ucl: org.jboss.mx.loading.UnifiedClassLoader3@1f4cbee{ url=null ,addedOrder=2}
03:16:27,173 DEBUG [RepositoryClassLoader] Added url: file:/D:/jboss-4.2.3.GA/server/all/lib/jbosssx.jar, to ucl: org.jboss.mx.loading.UnifiedClassLoader3@1f4cbee{ url=null ,addedOrder=2}
03:16:27,189 DEBUG [RepositoryClassLoader] Added url: file:/D:/jboss-4.2.3.GA/server/all/lib/jbossts-common.jar, to ucl: org.jboss.mx.loading.UnifiedClassLoader3@1f4cbee{ url=null ,addedOrder=2}
03:16:27,204 DEBUG [RepositoryClassLoader] Added url: file:/D:/jboss-4.2.3.GA/server/all/lib/jbossws-common.jar, to ucl: org.jboss.mx.loading.UnifiedClassLoader3@1f4cbee{ url=null ,addedOrder=2}
03:16:27,220 DEBUG [RepositoryClassLoader] Added url: file:/D:/jboss-4.2.3.GA/server/all/lib/jbossws-framework.jar, to ucl: org.jboss.mx.loading.UnifiedClassLoader3@1f4cbee{ url=null ,addedOrder=2}
03:16:27,236 DEBUG [RepositoryClassLoader] Added url: file:/D:/jboss-4.2.3.GA/server/all/lib/jbossws-jboss42.jar, to ucl: org.jboss.mx.loading.UnifiedClassLoader3@1f4cbee{ url=null ,addedOrder=2}
03:16:27,251 DEBUG [RepositoryClassLoader] Added url: file:/D:/jboss-4.2.3.GA/server/all/lib/jbossws-spi.jar, to ucl: org.jboss.mx.loading.UnifiedClassLoader3@1f4cbee{ url=null ,addedOrder=2}
03:16:27,376 DEBUG [RepositoryClassLoader] Added url: file:/D:/jboss-4.2.3.GA/server/all/lib/jgroups.jar, to ucl: org.jboss.mx.loading.UnifiedClassLoader3@1f4cbee{ url=null ,addedOrder=2}
03:16:27,392 DEBUG [RepositoryClassLoader] Added url: file:/D:/jboss-4.2.3.GA/server/all/lib/jmx-adaptor-plugin.jar, to ucl: org.jboss.mx.loading.UnifiedClassLoader3@1f4cbee{ url=null ,addedOrder=2}
03:16:27,407 DEBUG [RepositoryClassLoader] Added url: file:/D:/jboss-4.2.3.GA/server/all/lib/jnpserver.jar, to ucl: org.jboss.mx.loading.UnifiedClassLoader3@1f4cbee{ url=null ,addedOrder=2}
03:16:27,423 DEBUG [RepositoryClassLoader] Added url: file:/D:/jboss-4.2.3.GA/server/all/lib/joesnmp.jar, to ucl: org.jboss.mx.loading.UnifiedClassLoader3@1f4cbee{ url=null ,addedOrder=2}
03:16:27,454 DEBUG [RepositoryClassLoader] Added url: file:/D:/jboss-4.2.3.GA/server/all/lib/jsp-api.jar, to ucl: org.jboss.mx.loading.UnifiedClassLoader3@1f4cbee{ url=null ,addedOrder=2}
03:16:27,454 DEBUG [RepositoryClassLoader] Added url: file:/D:/jboss-4.2.3.GA/server/all/lib/log4j-snmp-appender.jar, to ucl: org.jboss.mx.loading.UnifiedClassLoader3@1f4cbee{ url=null ,addedOrder=2}
03:16:27,516 DEBUG [RepositoryClassLoader] Added url: file:/D:/jboss-4.2.3.GA/server/all/lib/log4j.jar, to ucl: org.jboss.mx.loading.UnifiedClassLoader3@1f4cbee{ url=null ,addedOrder=2}
03:16:27,532 DEBUG [RepositoryClassLoader] Added url: file:/D:/jboss-4.2.3.GA/server/all/lib/mail-plugin.jar, to ucl: org.jboss.mx.loading.UnifiedClassLoader3@1f4cbee{ url=null ,addedOrder=2}
03:16:27,563 DEBUG [RepositoryClassLoader] Added url: file:/D:/jboss-4.2.3.GA/server/all/lib/mail.jar, to ucl: org.jboss.mx.loading.UnifiedClassLoader3@1f4cbee{ url=null ,addedOrder=2}
03:16:27,672 DEBUG [RepositoryClassLoader] Added url: file:/D:/jboss-4.2.3.GA/server/all/lib/ojdbc5.jar, to ucl: org.jboss.mx.loading.UnifiedClassLoader3@1f4cbee{ url=null ,addedOrder=2}
03:16:27,750 DEBUG [RepositoryClassLoader] Added url: file:/D:/jboss-4.2.3.GA/server/all/lib/properties-plugin.jar, to ucl: org.jboss.mx.loading.UnifiedClassLoader3@1f4cbee{ url=null ,addedOrder=2}
03:16:27,797 DEBUG [RepositoryClassLoader] Added url: file:/D:/jboss-4.2.3.GA/server/all/lib/quartz.jar, to ucl: org.jboss.mx.loading.UnifiedClassLoader3@1f4cbee{ url=null ,addedOrder=2}
03:16:27,813 DEBUG [RepositoryClassLoader] Added url: file:/D:/jboss-4.2.3.GA/server/all/lib/scheduler-plugin-example.jar, to ucl: org.jboss.mx.loading.UnifiedClassLoader3@1f4cbee{ url=null ,addedOrder=2}
03:16:27,828 DEBUG [RepositoryClassLoader] Added url: file:/D:/jboss-4.2.3.GA/server/all/lib/scheduler-plugin.jar, to ucl: org.jboss.mx.loading.UnifiedClassLoader3@1f4cbee{ url=null ,addedOrder=2}
03:16:27,860 DEBUG [RepositoryClassLoader] Added url: file:/D:/jboss-4.2.3.GA/server/all/lib/servlet-api.jar, to ucl: org.jboss.mx.loading.UnifiedClassLoader3@1f4cbee{ url=null ,addedOrder=2}
03:16:27,860 DEBUG [RepositoryClassLoader] Added url: file:/D:/jboss-4.2.3.GA/server/all/lib/xmlentitymgr.jar, to ucl: org.jboss.mx.loading.UnifiedClassLoader3@1f4cbee{ url=null ,addedOrder=2}
03:16:27,860 DEBUG [MainDeployer] found 0 subpackages of file:/D:/jboss-4.2.3.GA/server/all/conf/jboss-service.xml
03:16:27,875 DEBUG [MainDeployer] Watching new file: file:/D:/jboss-4.2.3.GA/server/all/conf/jboss-service.xml
03:16:27,875 DEBUG [MainDeployer] create step for deployment file:/D:/jboss-4.2.3.GA/server/all/conf/jboss-service.xml
03:16:27,875 DEBUG [SARDeployer] Deploying SAR, create step: url file:/D:/jboss-4.2.3.GA/server/all/conf/jboss-service.xml
03:16:27,875 DEBUG [SARDeployer] Registering service UCL=jmx.loading:UCL=1f4cbee
03:16:27,875 DEBUG [ServiceCreator] About to create bean: jboss.management.local:j2eeType=J2EEDomain,name=Manager with code: org.jboss.management.j2ee.LocalJBossServerDomain
03:16:28,016 DEBUG [ServiceCreator] Created bean: jboss.management.local:j2eeType=J2EEDomain,name=Manager
03:16:28,016 DEBUG [ServiceConfigurator] MainDeployer set to jboss.system:service=MainDeployer in jboss.management.local:j2eeType=J2EEDomain,name=Manager
03:16:28,016 DEBUG [ServiceConfigurator] SARDeployer set to jboss.system:service=ServiceDeployer in jboss.management.local:j2eeType=J2EEDomain,name=Manager
03:16:28,016 DEBUG [ServiceConfigurator] EARDeployer set to jboss.j2ee:service=EARDeployer in jboss.management.local:j2eeType=J2EEDomain,name=Manager
03:16:28,016 DEBUG [ServiceConfigurator] EJBDeployer set to jboss.ejb:service=EJBDeployer in jboss.management.local:j2eeType=J2EEDomain,name=Manager
03:16:28,016 DEBUG [ServiceConfigurator] RARDeployer set to jboss.jca:service=RARDeployer in jboss.management.local:j2eeType=J2EEDomain,name=Manager
03:16:28,016 DEBUG [ServiceConfigurator] CMDeployer set to jboss.jca:service=ConnectionFactoryDeployer in jboss.management.local:j2eeType=J2EEDomain,name=Manager
03:16:28,031 DEBUG [ServiceConfigurator] WARDeployer set to jboss.web:service=WebServer in jboss.management.local:j2eeType=J2EEDomain,name=Manager
03:16:28,031 DEBUG [ServiceConfigurator] CARDeployer set to jboss.j2ee:service=ClientDeployer in jboss.management.local:j2eeType=J2EEDomain,name=Manager
03:16:28,031 DEBUG [ServiceConfigurator] MailService set to jboss:service=Mail in jboss.management.local:j2eeType=J2EEDomain,name=Manager
03:16:28,031 DEBUG [ServiceConfigurator] JMSService set to jboss.mq:service=DestinationManager in jboss.management.local:j2eeType=J2EEDomain,name=Manager
03:16:28,031 DEBUG [ServiceConfigurator] JNDIService set to jboss:service=Naming in jboss.management.local:j2eeType=J2EEDomain,name=Manager
03:16:28,031 DEBUG [ServiceConfigurator] JTAService set to jboss:service=TransactionManager in jboss.management.local:j2eeType=J2EEDomain,name=Manager
03:16:28,031 DEBUG [ServiceConfigurator] UserTransactionService set to jboss:service=ClientUserTransaction in jboss.management.local:j2eeType=J2EEDomain,name=Manager
03:16:28,031 DEBUG [ServiceConfigurator] RMI_IIOPService set to jboss:service=CorbaORB in jboss.management.local:j2eeType=J2EEDomain,name=Manager
03:16:28,031 DEBUG [ServiceCreator] About to create xmbean object: jboss:service=AttributePersistenceService with code: org.jboss.system.pm.AttributePersistenceService with descriptor: resource:xmdesc/AttributePersistenceService-xmbean.xml
03:16:28,078 DEBUG [ModelMBeanInvoker] Loaded persistence mgr: org.jboss.mx.persistence.ObjectStreamPersistenceManager
03:16:28,078 DEBUG [ObjectStreamPersistenceManager] load, resource:org.jboss.system.pm.AttributePersistenceService@1649b44
03:16:28,078 DEBUG [ObjectStreamPersistenceManager] Store file is: D:\jboss-4.2.3.GA\server\all\data\xmbean-attrs\AttributePersistenceService.ser
03:16:28,078 DEBUG [ServiceCreator] Created bean: jboss:service=AttributePersistenceService
03:16:28,078 DEBUG [ServiceCreator] About to create bean: jboss.system:service=ThreadPool with code: org.jboss.util.threadpool.BasicThreadPool
03:16:28,094 DEBUG [ServiceCreator] Created bean: jboss.system:service=ThreadPool
03:16:28,094 DEBUG [ServiceConfigurator] Name set to JBoss System Threads in jboss.system:service=ThreadPool
03:16:28,094 DEBUG [ServiceConfigurator] ThreadGroupName set to System Threads in jboss.system:service=ThreadPool
03:16:28,094 DEBUG [ServiceConfigurator] KeepAliveTime set to 60000 in jboss.system:service=ThreadPool
03:16:28,094 DEBUG [ServiceConfigurator] MaximumPoolSize set to 10 in jboss.system:service=ThreadPool
03:16:28,109 DEBUG [ServiceConfigurator] MaximumQueueSize set to 1000 in jboss.system:service=ThreadPool
03:16:28,109 DEBUG [ServiceConfigurator] BlockingMode set to run in jboss.system:service=ThreadPool
03:16:28,109 DEBUG [ServiceCreator] About to create xmbean object: jboss.system:type=Log4jService,service=Logging with code: org.jboss.logging.Log4jService with descriptor: resource:xmdesc/Log4jService-xmbean.xml
03:16:28,156 DEBUG [ServiceCreator] Created bean: jboss.system:type=Log4jService,service=Logging
03:16:28,156 DEBUG [ServiceConfigurator] ConfigurationURL set to resource:jboss-log4j.xml in jboss.system:type=Log4jService,service=Logging
03:16:28,156 DEBUG [ServiceConfigurator] Log4jQuietMode set to true in jboss.system:type=Log4jService,service=Logging
03:16:28,156 DEBUG [ServiceConfigurator] RefreshPeriod set to 60 in jboss.system:type=Log4jService,service=Logging
03:16:28,156 DEBUG [ServiceCreator] About to create bean: jboss.rmi:type=RMIClassLoader with code: org.jboss.util.property.jmx.SystemPropertyClassValue
03:16:28,156 DEBUG [ServiceCreator] Created bean: jboss.rmi:type=RMIClassLoader
03:16:28,156 DEBUG [ServiceConfigurator] Property set to java.rmi.server.RMIClassLoaderSpi in jboss.rmi:type=RMIClassLoader
03:16:28,156 DEBUG [ServiceConfigurator] ClassName set to org.jboss.system.JBossRMIClassLoader in jboss.rmi:type=RMIClassLoader
03:16:28,156 DEBUG [ServiceCreator] About to create bean: jboss:service=WebService with code: org.jboss.web.WebService
03:16:28,187 DEBUG [ServiceCreator] Created bean: jboss:service=WebService
03:16:28,187 DEBUG [ServiceConfigurator] BindAddress set to 0.0.0.0 in jboss:service=WebService
03:16:28,187 DEBUG [ServiceConfigurator] Port set to 8083 in jboss:service=WebService
03:16:28,187 DEBUG [ServiceConfigurator] Host set to admin-PC in jboss:service=WebService
03:16:28,187 DEBUG [ServiceConfigurator] DownloadServerClasses set to true in jboss:service=WebService
03:16:28,187 DEBUG [ServiceConfigurator] DownloadResources set to false in jboss:service=WebService
03:16:28,187 DEBUG [ServiceController] recording that jboss:service=WebService depends on jboss.system:service=ThreadPool
03:16:28,187 DEBUG [ServiceConfigurator] considering ThreadPool with object name jboss.system:service=ThreadPool
03:16:28,187 DEBUG [ServiceCreator] About to create xmbean object: jboss:service=NamingBeanImpl with code: org.jnp.server.NamingBeanImpl with descriptor: resource:xmdesc/NamingBean-xmbean.xml
03:16:28,218 DEBUG [ServiceCreator] Created bean: jboss:service=NamingBeanImpl
03:16:28,218 DEBUG [ServiceCreator] About to create xmbean object: jboss:service=Naming with code: org.jboss.naming.NamingService with descriptor: resource:xmdesc/NamingService-xmbean.xml
03:16:28,250 DEBUG [ModelMBeanInvoker] Ignoring obsolete legacy interceptor: org.jboss.mx.interceptor.PersistenceInterceptor2
03:16:28,250 DEBUG [ModelMBeanInvoker] Ignoring obsolete legacy interceptor: org.jboss.mx.interceptor.ModelMBeanInterceptor
03:16:28,250 DEBUG [ModelMBeanInvoker] Ignoring obsolete legacy interceptor: org.jboss.mx.interceptor.ObjectReferenceInterceptor
03:16:28,250 DEBUG [ServiceCreator] Created bean: jboss:service=Naming
03:16:28,250 DEBUG [ServiceConfigurator] CallByValue set to false in jboss:service=Naming
03:16:28,250 DEBUG [ServiceConfigurator] Port set to 1099 in jboss:service=Naming
03:16:28,250 DEBUG [ServiceConfigurator] BindAddress set to 0.0.0.0 in jboss:service=Naming
03:16:28,250 DEBUG [ServiceConfigurator] RmiPort set to 1098 in jboss:service=Naming
03:16:28,250 DEBUG [ServiceConfigurator] RmiBindAddress set to 0.0.0.0 in jboss:service=Naming
03:16:28,265 DEBUG [ServiceController] recording that jboss:service=Naming depends on jboss.system:service=ThreadPool
03:16:28,265 DEBUG [ServiceConfigurator] considering LookupPool with object name jboss.system:service=ThreadPool
03:16:28,265 DEBUG [ServiceController] recording that jboss:service=Naming depends on jboss:service=NamingBeanImpl
03:16:28,265 DEBUG [ServiceConfigurator] considering Naming with object name jboss:service=NamingBeanImpl
03:16:28,265 DEBUG [ServiceCreator] About to create xmbean object: jboss:service=JNDIView with code: org.jboss.naming.JNDIView with descriptor: resource:xmdesc/JNDIView-xmbean.xml
03:16:28,296 DEBUG [ServiceCreator] Created bean: jboss:service=JNDIView
03:16:28,296 DEBUG [ServiceConfigurator] HANamingService set to jboss:service=HAJNDI in jboss:service=JNDIView
03:16:28,296 DEBUG [ServiceCreator] About to create bean: jboss.security:service=SecurityConfig with code: org.jboss.security.plugins.SecurityConfig
03:16:28,312 DEBUG [ServiceCreator] Created bean: jboss.security:service=SecurityConfig
03:16:28,312 DEBUG [ServiceConfigurator] LoginConfig set to jboss.security:service=XMLLoginConfig in jboss.security:service=SecurityConfig
03:16:28,312 DEBUG [ServiceCreator] About to create bean: jboss.security:service=XMLLoginConfig with code: org.jboss.security.auth.login.XMLLoginConfig
03:16:28,312 DEBUG [ServiceCreator] Created bean: jboss.security:service=XMLLoginConfig
03:16:28,328 DEBUG [ServiceConfigurator] ConfigResource set to login-config.xml in jboss.security:service=XMLLoginConfig
03:16:28,328 DEBUG [ServiceCreator] About to create bean: jboss.security:service=JaasSecurityManager with code: org.jboss.security.plugins.JaasSecurityManagerService
03:16:28,343 DEBUG [ServiceCreator] Created bean: jboss.security:service=JaasSecurityManager
03:16:28,343 DEBUG [ServiceConfigurator] ServerMode set to true in jboss.security:service=JaasSecurityManager
03:16:28,343 DEBUG [ServiceConfigurator] SecurityManagerClassName set to org.jboss.security.plugins.JaasSecurityManager in jboss.security:service=JaasSecurityManager
03:16:28,343 DEBUG [ServiceConfigurator] DefaultUnauthenticatedPrincipal set to anonymous in jboss.security:service=JaasSecurityManager
03:16:28,343 DEBUG [ServiceConfigurator] DefaultCacheTimeout set to 1800 in jboss.security:service=JaasSecurityManager
03:16:28,343 DEBUG [ServiceConfigurator] DefaultCacheResolution set to 60 in jboss.security:service=JaasSecurityManager
03:16:28,343 DEBUG [ServiceConfigurator] DeepCopySubjectMode set to false in jboss.security:service=JaasSecurityManager
03:16:28,343 DEBUG [JaasSecurityManagerService] setDeepCopySubjectMode=false
03:16:28,343 DEBUG [ServiceCreator] About to create bean: jboss:service=XidFactory with code: org.jboss.tm.XidFactory
03:16:28,359 DEBUG [ServiceCreator] Created bean: jboss:service=XidFactory
03:16:28,359 DEBUG [ServiceCreator] About to create bean: jboss:service=TransactionManager with code: com.arjuna.ats.jbossatx.jta.TransactionManagerService
03:16:28,421 DEBUG [ServiceCreator] Created bean: jboss:service=TransactionManager
03:16:28,421 DEBUG [ServiceConfigurator] TransactionTimeout set to 300 in jboss:service=TransactionManager
03:16:28,421 DEBUG [ServiceConfigurator] ObjectStoreDir set to D:\jboss-4.2.3.GA\server\all\data/tx-object-store in jboss:service=TransactionManager
03:16:28,437 DEBUG [ServiceCreator] About to create xmbean object: jboss:service=ClientUserTransaction with code: org.jboss.tm.usertx.server.ClientUserTransactionService with descriptor: resource:xmdesc/ClientUserTransaction-xmbean.xml
03:16:28,468 DEBUG [ServiceCreator] Created bean: jboss:service=ClientUserTransaction
03:16:28,468 DEBUG [ServiceCreator] About to create bean: jboss:service=proxyFactory,target=ClientUserTransactionFactory with code: org.jboss.invocation.jrmp.server.JRMPProxyFactory
03:16:28,468 DEBUG [ServiceCreator] Created bean: jboss:service=proxyFactory,target=ClientUserTransactionFactory
03:16:28,484 DEBUG [ServiceConfigurator] InvokerName set to jboss:service=invoker,type=unified in jboss:service=proxyFactory,target=ClientUserTransactionFactory
03:16:28,484 DEBUG [ServiceConfigurator] TargetName set to jboss:service=ClientUserTransaction in jboss:service=proxyFactory,target=ClientUserTransactionFactory
03:16:28,484 DEBUG [ServiceConfigurator] JndiName set to UserTransactionSessionFactory in jboss:service=proxyFactory,target=ClientUserTransactionFactory
03:16:28,484 DEBUG [ServiceConfigurator] ExportedInterface set to interface org.jboss.tm.usertx.interfaces.UserTransactionSessionFactory in jboss:service=proxyFactory,target=ClientUserTransactionFactory
03:16:28,484 DEBUG [ServiceConfigurator] ClientInterceptors set to [interceptors: null] in jboss:service=proxyFactory,target=ClientUserTransactionFactory
03:16:28,499 DEBUG [JRMPProxyFactory] added interceptor type: class org.jboss.proxy.ClientMethodInterceptor
03:16:28,499 DEBUG [JRMPProxyFactory] added interceptor type: class org.jboss.invocation.InvokerInterceptor
03:16:28,499 DEBUG [ServiceController] recording that jboss:service=proxyFactory,target=ClientUserTransactionFactory depends on jboss:service=invoker,type=unified
03:16:28,499 DEBUG [ServiceConfigurator] considering <anonymous> with object name jboss:service=invoker,type=unified
03:16:28,499 DEBUG [ServiceController] recording that jboss:service=ClientUserTransaction depends on jboss:service=proxyFactory,target=ClientUserTransactionFactory
03:16:28,499 DEBUG [ServiceConfigurator] considering <anonymous> with object name jboss:service=proxyFactory,target=ClientUserTransactionFactory
03:16:28,499 DEBUG [ServiceCreator] About to create bean: jboss:service=proxyFactory,target=ClientUserTransaction with code: org.jboss.invocation.jrmp.server.JRMPProxyFactory
03:16:28,499 DEBUG [ServiceCreator] Created bean: jboss:service=proxyFactory,target=ClientUserTransaction
03:16:28,499 DEBUG [ServiceConfigurator] InvokerName set to jboss:service=invoker,type=unified in jboss:service=proxyFactory,target=ClientUserTransaction
03:16:28,499 DEBUG [ServiceConfigurator] TargetName set to jboss:service=ClientUserTransaction in jboss:service=proxyFactory,target=ClientUserTransaction
03:16:28,499 DEBUG [ServiceConfigurator] ExportedInterface set to interface org.jboss.tm.usertx.interfaces.UserTransactionSession in jboss:service=proxyFactory,target=ClientUserTransaction
03:16:28,499 DEBUG [ServiceConfigurator] ClientInterceptors set to [interceptors: null] in jboss:service=proxyFactory,target=ClientUserTransaction
03:16:28,499 DEBUG [JRMPProxyFactory] added interceptor type: class org.jboss.proxy.ClientMethodInterceptor
03:16:28,499 DEBUG [JRMPProxyFactory] added interceptor type: class org.jboss.invocation.InvokerInterceptor
03:16:28,499 DEBUG [ServiceController] recording that jboss:service=proxyFactory,target=ClientUserTransaction depends on jboss:service=invoker,type=unified
03:16:28,499 DEBUG [ServiceConfigurator] considering <anonymous> with object name jboss:service=invoker,type=unified
03:16:28,499 DEBUG [ServiceController] recording that jboss:service=ClientUserTransaction depends on jboss:service=proxyFactory,target=ClientUserTransaction
03:16:28,499 DEBUG [ServiceConfigurator] considering TxProxyName with object name jboss:service=proxyFactory,target=ClientUserTransaction
03:16:28,499 DEBUG [ServiceCreator] About to create bean: jboss:service=invoker,type=unified with code: org.jboss.invocation.unified.server.UnifiedInvoker
03:16:28,530 DEBUG [ServiceCreator] Created bean: jboss:service=invoker,type=unified
03:16:28,530 DEBUG [ServiceController] recording that jboss:service=invoker,type=unified depends on jboss:service=TransactionManager
03:16:28,530 DEBUG [ServiceConfigurator] considering <anonymous> with object name jboss:service=TransactionManager
03:16:28,530 DEBUG [ServiceController] recording that jboss:service=invoker,type=unified depends on jboss.remoting:service=Connector,transport=socket
03:16:28,530 DEBUG [ServiceConfigurator] considering <anonymous> with object name jboss.remoting:service=Connector,transport=socket
03:16:28,530 DEBUG [ServiceCreator] About to create bean: jboss:service=invoker,type=jrmp with code: org.jboss.invocation.jrmp.server.JRMPInvoker
03:16:28,577 DEBUG [ServiceCreator] Created bean: jboss:service=invoker,type=jrmp
03:16:28,577 DEBUG [ServiceConfigurator] RMIObjectPort set to 4444 in jboss:service=invoker,type=jrmp
03:16:28,577 DEBUG [ServiceConfigurator] ServerAddress set to 0.0.0.0 in jboss:service=invoker,type=jrmp
03:16:28,577 DEBUG [ServiceController] recording that jboss:service=invoker,type=jrmp depends on jboss:service=TransactionManager
03:16:28,577 DEBUG [ServiceConfigurator] considering <anonymous> with object name jboss:service=TransactionManager
03:16:28,577 DEBUG [ServiceCreator] About to create bean: jboss:service=invoker,type=local with code: org.jboss.invocation.local.LocalInvoker
03:16:28,593 DEBUG [ServiceCreator] Created bean: jboss:service=invoker,type=local
03:16:28,593 DEBUG [ServiceController] recording that jboss:service=invoker,type=local depends on jboss:service=TransactionManager
03:16:28,593 DEBUG [ServiceConfigurator] considering <anonymous> with object name jboss:service=TransactionManager
03:16:28,593 DEBUG [ServiceCreator] About to create bean: jboss:service=invoker,type=pooled with code: org.jboss.invocation.pooled.server.PooledInvoker
03:16:28,608 DEBUG [ServiceCreator] Created bean: jboss:service=invoker,type=pooled
03:16:28,608 DEBUG [ServiceConfigurator] NumAcceptThreads set to 1 in jboss:service=invoker,type=pooled
03:16:28,608 DEBUG [ServiceConfigurator] MaxPoolSize set to 300 in jboss:service=invoker,type=pooled
03:16:28,608 DEBUG [ServiceConfigurator] ClientMaxPoolSize set to 300 in jboss:service=invoker,type=pooled
03:16:28,608 DEBUG [ServiceConfigurator] SocketTimeout set to 60000 in jboss:service=invoker,type=pooled
03:16:28,608 DEBUG [ServiceConfigurator] ServerBindAddress set to 0.0.0.0 in jboss:service=invoker,type=pooled
03:16:28,608 DEBUG [ServiceConfigurator] ServerBindPort set to 4445 in jboss:service=invoker,type=pooled
03:16:28,608 DEBUG [ServiceConfigurator] ClientConnectAddress set to 0.0.0.0 in jboss:service=invoker,type=pooled
03:16:28,608 DEBUG [ServiceConfigurator] ClientConnectPort set to 0 in jboss:service=invoker,type=pooled
03:16:28,608 DEBUG [ServiceConfigurator] ClientRetryCount set to 1 in jboss:service=invoker,type=pooled
03:16:28,608 DEBUG [ServiceConfigurator] EnableTcpNoDelay set to false in jboss:service=invoker,type=pooled
03:16:28,608 DEBUG [ServiceController] recording that jboss:service=invoker,type=pooled depends on jboss:service=TransactionManager
03:16:28,608 DEBUG [ServiceConfigurator] considering TransactionManagerService with object name jboss:service=TransactionManager
03:16:28,608 DEBUG [ServiceCreator] About to create bean: jboss.remoting:service=NetworkRegistry with code: org.jboss.remoting.network.NetworkRegistry
03:16:28,671 DEBUG [ServiceCreator] Created bean: jboss.remoting:service=NetworkRegistry
03:16:28,671 DEBUG [ServiceCreator] About to create bean: jboss.remoting:service=Connector,transport=socket with code: org.jboss.remoting.transport.Connector
03:16:28,686 DEBUG [ServiceCreator] Created bean: jboss.remoting:service=Connector,transport=socket
03:16:28,686 DEBUG [ServiceConfigurator] Configuration set to [config: null] in jboss.remoting:service=Connector,transport=socket
03:16:28,686 DEBUG [ServiceController] recording that jboss.remoting:service=Connector,transport=socket depends on jboss.remoting:service=NetworkRegistry
03:16:28,686 DEBUG [ServiceConfigurator] considering <anonymous> with object name jboss.remoting:service=NetworkRegistry
03:16:28,686 DEBUG [ServiceCreator] About to create bean: jboss.jdbc:service=metadata with code: org.jboss.ejb.plugins.cmp.jdbc.metadata.MetaDataLibrary
03:16:28,686 DEBUG [ServiceCreator] Created bean: jboss.jdbc:service=metadata
03:16:28,686 DEBUG [ServiceCreator] About to create bean: jboss.deployment:type=DeploymentScanner,flavor=URL with code: org.jboss.deployment.scanner.URLDeploymentScanner
03:16:28,702 DEBUG [ServiceCreator] Created bean: jboss.deployment:type=DeploymentScanner,flavor=URL
03:16:28,702 DEBUG [ServiceController] recording that jboss.deployment:type=DeploymentScanner,flavor=URL depends on jboss.system:service=MainDeployer
03:16:28,702 DEBUG [ServiceConfigurator] considering Deployer with object name jboss.system:service=MainDeployer
03:16:28,718 DEBUG [ServiceConfigurator] URLComparator set to org.jboss.deployment.DeploymentSorter in jboss.deployment:type=DeploymentScanner,flavor=URL
03:16:28,718 DEBUG [ServiceConfigurator] FilterInstance set to org.jboss.deployment.scanner.DeploymentFilter@129b0e1 in jboss.deployment:type=DeploymentScanner,flavor=URL
03:16:28,718 DEBUG [ServiceConfigurator] ScanPeriod set to 5000 in jboss.deployment:type=DeploymentScanner,flavor=URL
03:16:28,718 DEBUG [ServiceConfigurator] ScanEnabled set to true in jboss.deployment:type=DeploymentScanner,flavor=URL
03:16:28,718 DEBUG [ServiceConfigurator] URLs set to deploy/ in jboss.deployment:type=DeploymentScanner,flavor=URL
03:16:28,718 DEBUG [URLDeploymentScanner] Adding URL from spec: deploy/
03:16:28,718 DEBUG [URLDeploymentScanner] URL: file:/D:/jboss-4.2.3.GA/server/all/deploy/
03:16:28,718 DEBUG [URLDeploymentScanner] Added url: file:/D:/jboss-4.2.3.GA/server/all/deploy/
03:16:28,718 DEBUG [URLDeploymentScanner] URL list: [file:/D:/jboss-4.2.3.GA/server/all/deploy/]
03:16:28,718 DEBUG [ServiceConfigurator] RecursiveSearch set to true in jboss.deployment:type=DeploymentScanner,flavor=URL
03:16:28,718 DEBUG [ServiceController] Creating service jboss.management.local:j2eeType=J2EEDomain,name=Manager
03:16:28,718 DEBUG [LocalJBossServerDomain] Creating jboss.management.local:j2eeType=J2EEDomain,name=Manager
03:16:28,718 DEBUG [LocalJBossServerDomain] setupJ2EEMBeans(), create J2EEServer instance
03:16:28,718 DEBUG [J2EEDomain] ctor, name: jboss.management.local:name=jboss.management.local,j2eeType=J2EEDomain
03:16:28,733 DEBUG [J2EEDomain] postRegister(), parent: null
03:16:28,733 DEBUG [J2EEServer] postRegister(), parent: jboss.management.local:j2eeType=J2EEDomain,name=jboss.management.local
03:16:28,749 DEBUG [JVM] postRegister(), parent: jboss.management.local:j2eeType=J2EEServer,name=Local
03:16:28,780 DEBUG [LocalJBossServerDomain] Registered as listener of: jboss.system:service=ServiceController
03:16:28,796 DEBUG [LocalJBossServerDomain] Registering with all deployers, mainDeployer=jboss.system:service=MainDeployer
03:16:28,796 DEBUG [LocalJBossServerDomain] Getting current deployers
03:16:28,796 DEBUG [LocalJBossServerDomain] Registering as listener of deployer: jboss.system:service=ServiceDeployer
03:16:28,796 DEBUG [LocalJBossServerDomain] Registering as listener of deployer: jboss.system:service=JARDeployer
03:16:28,796 DEBUG [LocalJBossServerDomain] Created jboss.management.local:j2eeType=J2EEDomain,name=Manager
03:16:28,796 DEBUG [LocalJBossServerDomain] handleNotification: javax.management.Notification[source=jboss.system:service=ServiceController][type=org.jboss.system.ServiceMBean.create][message=]
03:16:28,796 DEBUG [DefaultManagedObjectFactoryMap] Failed to find factory for event: javax.management.Notification[source=jboss.system:service=ServiceController][type=org.jboss.system.ServiceMBean.create][message=]
03:16:28,796 DEBUG [ServiceController] Creating dependent components for: jboss.management.local:j2eeType=J2EEDomain,name=Manager dependents are: []
03:16:28,796 DEBUG [ServiceController] Creating service jboss:service=AttributePersistenceService
03:16:28,796 DEBUG [AttributePersistenceService] Creating jboss:service=AttributePersistenceService
03:16:28,796 DEBUG [AttributePersistenceService] Created jboss:service=AttributePersistenceService
03:16:28,796 DEBUG [LocalJBossServerDomain] handleNotification: javax.management.Notification[source=jboss.system:service=ServiceController][type=org.jboss.system.ServiceMBean.create][message=]
03:16:28,796 DEBUG [DefaultManagedObjectFactoryMap] Failed to find factory for event: javax.management.Notification[source=jboss.system:service=ServiceController][type=org.jboss.system.ServiceMBean.create][message=]
03:16:28,796 DEBUG [ServiceController] Creating dependent components for: jboss:service=AttributePersistenceService dependents are: []
03:16:28,796 DEBUG [ServiceController] Creating service jboss.system:service=ThreadPool
03:16:28,796 DEBUG [LocalJBossServerDomain] handleNotification: javax.management.Notification[source=jboss.system:service=ServiceController][type=org.jboss.system.ServiceMBean.create][message=]
03:16:28,796 DEBUG [DefaultManagedObjectFactoryMap] Failed to find factory for event: javax.management.Notification[source=jboss.system:service=ServiceController][type=org.jboss.system.ServiceMBean.create][message=]
03:16:28,796 DEBUG [ServiceController] Creating dependent components for: jboss.system:service=ThreadPool dependents are: [ObjectName: jboss:service=WebService
  State: CONFIGURED
  I Depend On:
    jboss.system:service=ThreadPool
, ObjectName: jboss:service=Naming
  State: CONFIGURED
  I Depend On:
    jboss.system:service=ThreadPool
    jboss:service=NamingBeanImpl
]
03:16:28,796 DEBUG [ServiceController] Creating service jboss:service=WebService
03:16:28,796 DEBUG [WebService] Creating jboss:service=WebService
03:16:28,796 INFO  [WebService] Using RMI server codebase: http://admin-PC:8083/
03:16:28,796 DEBUG [WebService] Created jboss:service=WebService
03:16:28,796 DEBUG [LocalJBossServerDomain] handleNotification: javax.management.Notification[source=jboss.system:service=ServiceController][type=org.jboss.system.ServiceMBean.create][message=]
03:16:28,796 DEBUG [DefaultManagedObjectFactoryMap] Failed to find factory for event: javax.management.Notification[source=jboss.system:service=ServiceController][type=org.jboss.system.ServiceMBean.create][message=]
03:16:28,796 DEBUG [ServiceController] Creating dependent components for: jboss:service=WebService dependents are: []
03:16:28,796 DEBUG [ServiceController] Creating service jboss:service=Naming
03:16:28,796 DEBUG [ServiceController] waiting in create of jboss:service=Naming waiting on jboss:service=NamingBeanImpl
03:16:28,796 DEBUG [ServiceController] Creating service jboss.system:type=Log4jService,service=Logging
03:16:28,796 DEBUG [Log4jService] Creating jboss.system:type=Log4jService,service=Logging
03:16:28,796 INFO  [Log4jService$URLWatchTimerTask] Configuring from URL: resource:jboss-log4j.xml
