CREATE USER SA PASSWORD "" ADMIN
/*C1*/SET SCHEMA PUBLIC
CONNECT USER SA
/*C2*/SET SCHEMA PUBLIC
CONNECT USER SA
/*C3*/SET SCHEMA PUBLIC
CONNECT USER SA
/*C4*/SET SCHEMA PUBLIC
CONNECT USER SA
/*C5*/SET SCHEMA PUBLIC
CONNECT USER SA
/*C6*/SET SCHEMA PUBLIC
CONNECT USER SA
/*C2*/create table TIMERS ( TIMERID varchar(80) not null, TARGETID varchar(250) not null, INITIALDATE TIMESTAMP not null, TIMERINTERVAL BIGINT, INSTANCEPK VARBINARY, INFO VARBINARY, CONSTRAINT TIMERS_PK PRIMARY KEY (TIMERID, TARGETID) )
create table HILOSEQUENCES (SEQUENCENAME varchar(50) not null, HIGHVALUES integer not null, constraint hilo_pk primary key (SEQUENCENAME))
INSERT INTO HILOSEQUENCES VALUES('general',0)
SET AUTOCOMMIT FALSE
CREATE TABLE JMS_USERS (USERID VARCHAR(32) NOT NULL, PASSWD VARCHAR(32) NOT NULL, CLIENTID VARCHAR(128) NULL, PRIMARY KEY(USERID))
CREATE TABLE JMS_ROLES (ROLEID VARCHAR(32) NOT NULL, USERID VARCHAR(32) NOT NULL, PRIMARY KEY(USERID, ROLEID))
CREATE TABLE JMS_SUBSCRIPTIONS (CLIENTID VARCHAR(128) NOT NULL, SUBNAME VARCHAR(128) NOT NULL, TOPIC VARCHAR(255) NOT NULL, SELECTOR VARCHAR(255) NULL, PRIMARY KEY(CLIENTID, SUBNAME))
INSERT INTO JMS_ROLES VALUES('noacc','nobody')
INSERT INTO JMS_ROLES VALUES('durpublisher','dynsub')
INSERT INTO JMS_ROLES VALUES('durpublisher','john')
INSERT INTO JMS_ROLES VALUES('publisher','dynsub')
INSERT INTO JMS_ROLES VALUES('publisher','john')
INSERT INTO JMS_ROLES VALUES('subscriber','john')
INSERT INTO JMS_ROLES VALUES('john','guest')
INSERT INTO JMS_ROLES VALUES('j2ee','guest')
INSERT INTO JMS_ROLES VALUES('guest','guest')
INSERT INTO JMS_USERS VALUES('dynsub','dynsub',NULL)
INSERT INTO JMS_USERS VALUES('nobody','nobody',NULL)
INSERT INTO JMS_USERS VALUES('john','needle','DurableSubscriberExample')
INSERT INTO JMS_USERS VALUES('j2ee','j2ee',NULL)
INSERT INTO JMS_USERS VALUES('guest','guest',NULL)
COMMIT
CREATE CACHED TABLE JMS_MESSAGES ( MESSAGEID INTEGER NOT NULL, DESTINATION VARCHAR(255) NOT NULL, TXID INTEGER, TXOP CHAR(1), MESSAGEBLOB OBJECT, PRIMARY KEY (MESSAGEID, DESTINATION) )
CREATE INDEX JMS_MESSAGES_TXOP_TXID ON JMS_MESSAGES (TXOP, TXID)
CREATE INDEX JMS_MESSAGES_DESTINATION ON JMS_MESSAGES (DESTINATION)
CREATE CACHED TABLE JMS_TRANSACTIONS ( TXID INTEGER, PRIMARY KEY (TXID) )
